#
# There is insufficient memory for the Java Runtime Environment to continue.
# Native memory allocation (malloc) failed to allocate 1766896 bytes for Chunk::new
# Possible reasons:
#   The system is out of physical RAM or swap space
#   The process is running with CompressedOops enabled, and the Java Heap may be blocking the growth of the native heap
# Possible solutions:
#   Reduce memory load on the system
#   Increase physical memory or swap space
#   Check if swap backing store is full
#   Decrease Java heap size (-Xmx/-Xms)
#   Decrease number of Java threads
#   Decrease Java thread stack sizes (-Xss)
#   Set larger code cache with -XX:ReservedCodeCacheSize=
#   JVM is running with Unscaled Compressed Oops mode in which the Java heap is
#     placed in the first 4GB address space. The Java Heap base address is the
#     maximum limit for the native heap growth. Please use -XX:HeapBaseMinAddress
#     to set the Java Heap base and to place the Java Heap above 4GB virtual address.
# This output file may be truncated or incomplete.
#
#  Out of Memory Error (./src/hotspot/share/memory/arena.cpp:197), pid=13668, tid=2316
#
# JRE version: OpenJDK Runtime Environment (11.0.12+7) (build 11.0.12+7-b1504.28-7817840)
# Java VM: OpenJDK 64-Bit Server VM (11.0.12+7-b1504.28-7817840, mixed mode, tiered, compressed oops, g1 gc, windows-amd64)
# No core dump will be written. Minidumps are not enabled by default on client versions of Windows
#

---------------  S U M M A R Y ------------

Command Line: --add-opens=java.base/java.util=ALL-UNNAMED --add-opens=java.base/java.lang=ALL-UNNAMED --add-opens=java.base/java.lang.invoke=ALL-UNNAMED --add-opens=java.base/java.util=ALL-UNNAMED --add-opens=java.prefs/java.util.prefs=ALL-UNNAMED --add-opens=java.prefs/java.util.prefs=ALL-UNNAMED --add-opens=java.base/java.nio.charset=ALL-UNNAMED --add-opens=java.base/java.net=ALL-UNNAMED --add-opens=java.base/java.util.concurrent.atomic=ALL-UNNAMED -Xmx2048m -Dfile.encoding=UTF-8 -Duser.country=CN -Duser.language=zh -Duser.variant org.gradle.launcher.daemon.bootstrap.GradleDaemon 7.3.3

Host: Intel(R) Core(TM) i7-9700 CPU @ 3.00GHz, 8 cores, 15G,  Windows 10 , 64 bit Build 19041 (10.0.19041.1566)
Time: Thu Jun 16 12:01:00 2022 中国标准时间 elapsed time: 2551.975001 seconds (0d 0h 42m 31s)

---------------  T H R E A D  ---------------

Current thread (0x000002ca4e25c800):  JavaThread "C2 CompilerThread2" daemon [_thread_in_native, id=2316, stack(0x000000cb06600000,0x000000cb06700000)]


Current CompileTask:
C2:2551975 26280       4       java.util.concurrent.ThreadPoolExecutor::execute (132 bytes)

Stack: [0x000000cb06600000,0x000000cb06700000]
Native frames: (J=compiled Java code, j=interpreted, Vv=VM code, C=native code)
V  [jvm.dll+0x5fbcea]
V  [jvm.dll+0x731905]
V  [jvm.dll+0x732f1d]
V  [jvm.dll+0x7335d3]
V  [jvm.dll+0x247bf8]
V  [jvm.dll+0xc018c]
V  [jvm.dll+0xc06cc]
V  [jvm.dll+0x35b2db]
V  [jvm.dll+0x19cebc]
V  [jvm.dll+0x20070e]
V  [jvm.dll+0x1ff794]
V  [jvm.dll+0x18868c]
V  [jvm.dll+0x20e0d7]
V  [jvm.dll+0x20c901]
V  [jvm.dll+0x6f9b7f]
V  [jvm.dll+0x6f26a5]
V  [jvm.dll+0x5fabf6]
C  [ucrtbase.dll+0x21bb2]
C  [KERNEL32.DLL+0x17034]
C  [ntdll.dll+0x52651]


---------------  P R O C E S S  ---------------

Threads class SMR info:
_java_thread_list=0x000002ca4e7b3130, length=150, elements={
0x000002ca2f9d4800, 0x000002ca4c6bc800, 0x000002ca4c6be000, 0x000002ca4c6e8800,
0x000002ca4c6e9800, 0x000002ca4c73e000, 0x000002ca4c749000, 0x000002ca4c74d800,
0x000002ca4c74e800, 0x000002ca4c8b3800, 0x000002ca4e8ff800, 0x000002ca4dc15000,
0x000002ca4e73d800, 0x000002ca4ecd5000, 0x000002ca4ecd6800, 0x000002ca4ecd1000,
0x000002ca4ecd1800, 0x000002ca4ecd2800, 0x000002ca52548000, 0x000002ca52549800,
0x000002ca5254a800, 0x000002ca52546800, 0x000002ca52545800, 0x000002ca5045d000,
0x000002ca5045e800, 0x000002ca50459000, 0x000002ca50462800, 0x000002ca50463800,
0x000002ca50464000, 0x000002ca4d9e2000, 0x000002ca518d1800, 0x000002ca503f4800,
0x000002ca503f3000, 0x000002ca51f47000, 0x000002ca51f44000, 0x000002ca51f48000,
0x000002ca51f42800, 0x000002ca51f43000, 0x000002ca51f49000, 0x000002ca5254c000,
0x000002ca5254d000, 0x000002ca5254e800, 0x000002ca5254d800, 0x000002ca5254f800,
0x000002ca5254b000, 0x000002ca52550000, 0x000002ca52551000, 0x000002ca52551800,
0x000002ca52552800, 0x000002ca595d0000, 0x000002ca52553800, 0x000002ca4eaf1800,
0x000002ca4eaef800, 0x000002ca4eaf0800, 0x000002ca4eaf2000, 0x000002ca4eaf3000,
0x000002ca4eaef000, 0x000002ca4eaf3800, 0x000002ca4eaee000, 0x000002ca4eaf5800,
0x000002ca4eafa000, 0x000002ca4eaf4800, 0x000002ca4eafb000, 0x000002ca4eafc000,
0x000002ca4eaf8000, 0x000002ca4eaf6000, 0x000002ca4eaf7000, 0x000002ca4eafc800,
0x000002ca4eaf8800, 0x000002ca518cc000, 0x000002ca518ca800, 0x000002ca518cd800,
0x000002ca518ce800, 0x000002ca518cd000, 0x000002ca518cb000, 0x000002ca518d2800,
0x000002ca518d5000, 0x000002ca518d4000, 0x000002ca518d1000, 0x000002ca518d3800,
0x000002ca518cf800, 0x000002ca518d6000, 0x000002ca518d0000, 0x000002ca518d9000,
0x000002ca518d8800, 0x000002ca518d7800, 0x000002ca518d6800, 0x000002ca4d9e1000,
0x000002ca4d9e2800, 0x000002ca4d9e3800, 0x000002ca4d9e4800, 0x000002ca4d9e0000,
0x000002ca4d9e5000, 0x000002ca4d9df800, 0x000002ca4d9e8800, 0x000002ca4d9e6000,
0x000002ca4d9ec800, 0x000002ca4d9e9000, 0x000002ca4d9eb800, 0x000002ca4d9e7000,
0x000002ca4d9e7800, 0x000002ca4d9eb000, 0x000002ca4d9ea000, 0x000002ca4d9ed800,
0x000002ca4d9ee000, 0x000002ca503f9800, 0x000002ca503fb000, 0x000002ca503fa800,
0x000002ca503f5800, 0x000002ca503fc000, 0x000002ca503f6800, 0x000002ca503fd000,
0x000002ca503f7000, 0x000002ca503fd800, 0x000002ca503f8000, 0x000002ca503f8800,
0x000002ca503fe800, 0x000002ca503ff000, 0x000002ca50401000, 0x000002ca50400000,
0x000002ca50401800, 0x000002ca51f4a800, 0x000002ca51f49800, 0x000002ca51f44800,
0x000002ca51f4b000, 0x000002ca51f45800, 0x000002ca51f4c000, 0x000002ca51f46800,
0x000002ca51f4d000, 0x000002ca51f50000, 0x000002ca51f4d800, 0x000002ca4e25c800,
0x000002ca51f4e800, 0x000002ca51f4f800, 0x000002ca51f51000, 0x000002ca50459800,
0x000002ca50460000, 0x000002ca5045c000, 0x000002ca5045d800, 0x000002ca5045a800,
0x000002ca50461000, 0x000002ca5045b000, 0x000002ca50466000, 0x000002ca50467800,
0x000002ca4ecd7800, 0x000002ca4ecd3800, 0x000002ca4ecd6000, 0x000002ca57809800,
0x000002ca5780c800, 0x000002ca57808800
}

Java Threads: ( => current thread )
  0x000002ca2f9d4800 JavaThread "main" [_thread_blocked, id=2572, stack(0x000000cb78c00000,0x000000cb78d00000)]
  0x000002ca4c6bc800 JavaThread "Reference Handler" daemon [_thread_blocked, id=17440, stack(0x000000cb79300000,0x000000cb79400000)]
  0x000002ca4c6be000 JavaThread "Finalizer" daemon [_thread_blocked, id=6860, stack(0x000000cb79400000,0x000000cb79500000)]
  0x000002ca4c6e8800 JavaThread "Signal Dispatcher" daemon [_thread_blocked, id=13652, stack(0x000000cb79500000,0x000000cb79600000)]
  0x000002ca4c6e9800 JavaThread "Attach Listener" daemon [_thread_blocked, id=3312, stack(0x000000cb79600000,0x000000cb79700000)]
  0x000002ca4c73e000 JavaThread "Service Thread" daemon [_thread_blocked, id=18332, stack(0x000000cb79700000,0x000000cb79800000)]
  0x000002ca4c749000 JavaThread "C2 CompilerThread0" daemon [_thread_blocked, id=14880, stack(0x000000cb79800000,0x000000cb79900000)]
  0x000002ca4c74d800 JavaThread "C1 CompilerThread0" daemon [_thread_blocked, id=16220, stack(0x000000cb79900000,0x000000cb79a00000)]
  0x000002ca4c74e800 JavaThread "Sweeper thread" daemon [_thread_blocked, id=14964, stack(0x000000cb79a00000,0x000000cb79b00000)]
  0x000002ca4c8b3800 JavaThread "Common-Cleaner" daemon [_thread_blocked, id=1264, stack(0x000000cb79b00000,0x000000cb79c00000)]
  0x000002ca4e8ff800 JavaThread "Daemon health stats" [_thread_blocked, id=6560, stack(0x000000cb7a400000,0x000000cb7a500000)]
  0x000002ca4dc15000 JavaThread "Incoming local TCP Connector on port 60077" [_thread_in_native, id=11168, stack(0x000000cb79d00000,0x000000cb79e00000)]
  0x000002ca4e73d800 JavaThread "Daemon periodic checks" [_thread_blocked, id=16112, stack(0x000000cb7a300000,0x000000cb7a400000)]
  0x000002ca4ecd5000 JavaThread "Cache worker for journal cache (C:\Users\41803\.gradle\caches\journal-1)" [_thread_blocked, id=14920, stack(0x000000cb7ac00000,0x000000cb7ad00000)]
  0x000002ca4ecd6800 JavaThread "File lock request listener" [_thread_in_native, id=12100, stack(0x000000cb7ad00000,0x000000cb7ae00000)]
  0x000002ca4ecd1000 JavaThread "Cache worker for file hash cache (C:\Users\41803\.gradle\caches\7.3.3\fileHashes)" [_thread_blocked, id=7372, stack(0x000000cb7ae00000,0x000000cb7af00000)]
  0x000002ca4ecd1800 JavaThread "File watcher server" daemon [_thread_in_native, id=10172, stack(0x000000cb7b400000,0x000000cb7b500000)]
  0x000002ca4ecd2800 JavaThread "File watcher consumer" daemon [_thread_blocked, id=1792, stack(0x000000cb7b500000,0x000000cb7b600000)]
  0x000002ca52548000 JavaThread "Cache worker for execution history cache (C:\Users\41803\.gradle\caches\7.3.3\executionHistory)" [_thread_blocked, id=16064, stack(0x000000cb7ba00000,0x000000cb7bb00000)]
  0x000002ca52549800 JavaThread "jar transforms" [_thread_blocked, id=16188, stack(0x000000cb7bb00000,0x000000cb7bc00000)]
  0x000002ca5254a800 JavaThread "Cache worker for file content cache (C:\Users\41803\.gradle\caches\7.3.3\fileContent)" [_thread_blocked, id=10628, stack(0x000000cb7bc00000,0x000000cb7bd00000)]
  0x000002ca52546800 JavaThread "jar transforms Thread 2" [_thread_blocked, id=10972, stack(0x000000cb7bd00000,0x000000cb7be00000)]
  0x000002ca52545800 JavaThread "jar transforms Thread 3" [_thread_blocked, id=15548, stack(0x000000cb7bf00000,0x000000cb7c000000)]
  0x000002ca5045d000 JavaThread "jar transforms Thread 4" [_thread_blocked, id=11112, stack(0x000000cb01100000,0x000000cb01200000)]
  0x000002ca5045e800 JavaThread "jar transforms Thread 5" [_thread_blocked, id=11636, stack(0x000000cb01200000,0x000000cb01300000)]
  0x000002ca50459000 JavaThread "jar transforms Thread 6" [_thread_blocked, id=1572, stack(0x000000cb01300000,0x000000cb01400000)]
  0x000002ca50462800 JavaThread "jar transforms Thread 7" [_thread_blocked, id=18052, stack(0x000000cb01400000,0x000000cb01500000)]
  0x000002ca50463800 JavaThread "jar transforms Thread 8" [_thread_blocked, id=9048, stack(0x000000cb01500000,0x000000cb01600000)]
  0x000002ca50464000 JavaThread "Memory manager" [_thread_blocked, id=17232, stack(0x000000cb01600000,0x000000cb01700000)]
  0x000002ca4d9e2000 JavaThread "Cache worker for Java compile cache (C:\Users\41803\.gradle\caches\7.3.3\javaCompile)" [_thread_blocked, id=1804, stack(0x000000cb02100000,0x000000cb02200000)]
  0x000002ca518d1800 JavaThread "ForkJoinPool.commonPool-worker-7" daemon [_thread_blocked, id=16996, stack(0x000000cb07c00000,0x000000cb07d00000)]
  0x000002ca503f4800 JavaThread "Daemon Thread 7" [_thread_blocked, id=16048, stack(0x000000cb00000000,0x000000cb00100000)]
  0x000002ca503f3000 JavaThread "Daemon worker Thread 7" [_thread_blocked, id=5392, stack(0x000000cb00300000,0x000000cb00400000)]
  0x000002ca51f47000 JavaThread "ForkJoinPool.commonPool-worker-15" daemon [_thread_blocked, id=13120, stack(0x000000cb08200000,0x000000cb08300000)]
  0x000002ca51f44000 JavaThread "ForkJoinPool.commonPool-worker-1" daemon [_thread_blocked, id=9096, stack(0x000000cb08300000,0x000000cb08400000)]
  0x000002ca51f48000 JavaThread "ForkJoinPool.commonPool-worker-3" daemon [_thread_blocked, id=16060, stack(0x000000cb08400000,0x000000cb08500000)]
  0x000002ca51f42800 JavaThread "ForkJoinPool.commonPool-worker-5" daemon [_thread_blocked, id=12876, stack(0x000000cb08500000,0x000000cb08600000)]
  0x000002ca51f43000 JavaThread "ForkJoinPool.commonPool-worker-9" daemon [_thread_blocked, id=16932, stack(0x000000cb08600000,0x000000cb08700000)]
  0x000002ca51f49000 JavaThread "ForkJoinPool.commonPool-worker-11" daemon [_thread_blocked, id=4332, stack(0x000000cb08700000,0x000000cb08800000)]
  0x000002ca5254c000 JavaThread "Handler for socket connection from /127.0.0.1:60077 to /127.0.0.1:61857" [_thread_in_native, id=14868, stack(0x000000cb00100000,0x000000cb00200000)]
  0x000002ca5254d000 JavaThread "Cancel handler" [_thread_blocked, id=10404, stack(0x000000cb00200000,0x000000cb00300000)]
  0x000002ca5254e800 JavaThread "Asynchronous log dispatcher for DefaultDaemonConnection: socket connection from /127.0.0.1:60077 to /127.0.0.1:61857" [_thread_blocked, id=16024, stack(0x000000cb00400000,0x000000cb00500000)]
  0x000002ca5254d800 JavaThread "Stdin handler" [_thread_blocked, id=16204, stack(0x000000cb00500000,0x000000cb00600000)]
  0x000002ca5254f800 JavaThread "Daemon client event forwarder" [_thread_blocked, id=14272, stack(0x000000cb00600000,0x000000cb00700000)]
  0x000002ca5254b000 JavaThread "Cache worker for file hash cache (C:\Users\41803\AndroidStudioProjects\EasyWebrtc\.gradle\7.3.3\fileHashes)" [_thread_blocked, id=4268, stack(0x000000cb00800000,0x000000cb00900000)]
  0x000002ca52550000 JavaThread "Cache worker for checksums cache (C:\Users\41803\AndroidStudioProjects\EasyWebrtc\.gradle\7.3.3\checksums)" [_thread_blocked, id=10448, stack(0x000000cb00900000,0x000000cb00a00000)]
  0x000002ca52551000 JavaThread "Cache worker for cache directory md-supplier (C:\Users\41803\.gradle\caches\7.3.3\md-supplier)" [_thread_blocked, id=3144, stack(0x000000cb00a00000,0x000000cb00b00000)]
  0x000002ca52551800 JavaThread "Cache worker for cache directory md-rule (C:\Users\41803\.gradle\caches\7.3.3\md-rule)" [_thread_blocked, id=17496, stack(0x000000cb00b00000,0x000000cb00c00000)]
  0x000002ca52552800 JavaThread "Cache worker for dependencies-accessors (C:\Users\41803\AndroidStudioProjects\EasyWebrtc\.gradle\7.3.3\dependencies-accessors)" [_thread_blocked, id=1896, stack(0x000000cb00c00000,0x000000cb00d00000)]
  0x000002ca595d0000 JavaThread "C2 CompilerThread1" daemon [_thread_in_native, id=1260, stack(0x000000cb00d00000,0x000000cb00e00000)]
  0x000002ca52553800 JavaThread "Cache worker for Build Output Cleanup Cache (C:\Users\41803\AndroidStudioProjects\EasyWebrtc\.gradle\buildOutputCleanup)" [_thread_blocked, id=15736, stack(0x000000cb00e00000,0x000000cb00f00000)]
  0x000002ca4eaf1800 JavaThread "Unconstrained build operations" [_thread_blocked, id=17864, stack(0x000000cb00f00000,0x000000cb01000000)]
  0x000002ca4eaef800 JavaThread "Unconstrained build operations Thread 2" [_thread_blocked, id=12780, stack(0x000000cb01000000,0x000000cb01100000)]
  0x000002ca4eaf0800 JavaThread "Unconstrained build operations Thread 3" [_thread_blocked, id=14124, stack(0x000000cb01700000,0x000000cb01800000)]
  0x000002ca4eaf2000 JavaThread "Unconstrained build operations Thread 4" [_thread_blocked, id=16196, stack(0x000000cb01800000,0x000000cb01900000)]
  0x000002ca4eaf3000 JavaThread "Unconstrained build operations Thread 5" [_thread_blocked, id=16840, stack(0x000000cb01900000,0x000000cb01a00000)]
  0x000002ca4eaef000 JavaThread "Unconstrained build operations Thread 6" [_thread_blocked, id=2476, stack(0x000000cb01a00000,0x000000cb01b00000)]
  0x000002ca4eaf3800 JavaThread "Unconstrained build operations Thread 7" [_thread_blocked, id=15280, stack(0x000000cb01b00000,0x000000cb01c00000)]
  0x000002ca4eaee000 JavaThread "Unconstrained build operations Thread 8" [_thread_blocked, id=16416, stack(0x000000cb01c00000,0x000000cb01d00000)]
  0x000002ca4eaf5800 JavaThread "Unconstrained build operations Thread 9" [_thread_blocked, id=12556, stack(0x000000cb01d00000,0x000000cb01e00000)]
  0x000002ca4eafa000 JavaThread "Unconstrained build operations Thread 10" [_thread_blocked, id=16912, stack(0x000000cb01e00000,0x000000cb01f00000)]
  0x000002ca4eaf4800 JavaThread "Unconstrained build operations Thread 11" [_thread_blocked, id=3496, stack(0x000000cb01f00000,0x000000cb02000000)]
  0x000002ca4eafb000 JavaThread "Unconstrained build operations Thread 12" [_thread_blocked, id=11332, stack(0x000000cb02000000,0x000000cb02100000)]
  0x000002ca4eafc000 JavaThread "Unconstrained build operations Thread 13" [_thread_blocked, id=6412, stack(0x000000cb02200000,0x000000cb02300000)]
  0x000002ca4eaf8000 JavaThread "Unconstrained build operations Thread 14" [_thread_blocked, id=17252, stack(0x000000cb02300000,0x000000cb02400000)]
  0x000002ca4eaf6000 JavaThread "Unconstrained build operations Thread 15" [_thread_blocked, id=12904, stack(0x000000cb02400000,0x000000cb02500000)]
  0x000002ca4eaf7000 JavaThread "Unconstrained build operations Thread 16" [_thread_blocked, id=18364, stack(0x000000cb02500000,0x000000cb02600000)]
  0x000002ca4eafc800 JavaThread "Unconstrained build operations Thread 17" [_thread_blocked, id=720, stack(0x000000cb02600000,0x000000cb02700000)]
  0x000002ca4eaf8800 JavaThread "Unconstrained build operations Thread 18" [_thread_blocked, id=15220, stack(0x000000cb02700000,0x000000cb02800000)]
  0x000002ca518cc000 JavaThread "Unconstrained build operations Thread 19" [_thread_blocked, id=7920, stack(0x000000cb02800000,0x000000cb02900000)]
  0x000002ca518ca800 JavaThread "Unconstrained build operations Thread 20" [_thread_blocked, id=4500, stack(0x000000cb02900000,0x000000cb02a00000)]
  0x000002ca518cd800 JavaThread "Unconstrained build operations Thread 21" [_thread_blocked, id=15268, stack(0x000000cb02a00000,0x000000cb02b00000)]
  0x000002ca518ce800 JavaThread "Unconstrained build operations Thread 22" [_thread_blocked, id=3308, stack(0x000000cb02b00000,0x000000cb02c00000)]
  0x000002ca518cd000 JavaThread "Unconstrained build operations Thread 23" [_thread_blocked, id=14912, stack(0x000000cb02c00000,0x000000cb02d00000)]
  0x000002ca518cb000 JavaThread "Unconstrained build operations Thread 24" [_thread_blocked, id=15472, stack(0x000000cb02d00000,0x000000cb02e00000)]
  0x000002ca518d2800 JavaThread "Unconstrained build operations Thread 25" [_thread_blocked, id=10164, stack(0x000000cb02e00000,0x000000cb02f00000)]
  0x000002ca518d5000 JavaThread "Unconstrained build operations Thread 26" [_thread_blocked, id=7684, stack(0x000000cb02f00000,0x000000cb03000000)]
  0x000002ca518d4000 JavaThread "Unconstrained build operations Thread 27" [_thread_blocked, id=15544, stack(0x000000cb03000000,0x000000cb03100000)]
  0x000002ca518d1000 JavaThread "Unconstrained build operations Thread 28" [_thread_blocked, id=16272, stack(0x000000cb03100000,0x000000cb03200000)]
  0x000002ca518d3800 JavaThread "Unconstrained build operations Thread 29" [_thread_blocked, id=2576, stack(0x000000cb03200000,0x000000cb03300000)]
  0x000002ca518cf800 JavaThread "Unconstrained build operations Thread 30" [_thread_blocked, id=292, stack(0x000000cb03300000,0x000000cb03400000)]
  0x000002ca518d6000 JavaThread "Unconstrained build operations Thread 31" [_thread_blocked, id=17020, stack(0x000000cb03400000,0x000000cb03500000)]
  0x000002ca518d0000 JavaThread "Unconstrained build operations Thread 32" [_thread_blocked, id=14552, stack(0x000000cb03500000,0x000000cb03600000)]
  0x000002ca518d9000 JavaThread "Unconstrained build operations Thread 33" [_thread_blocked, id=17908, stack(0x000000cb03600000,0x000000cb03700000)]
  0x000002ca518d8800 JavaThread "Unconstrained build operations Thread 34" [_thread_blocked, id=5388, stack(0x000000cb03700000,0x000000cb03800000)]
  0x000002ca518d7800 JavaThread "Unconstrained build operations Thread 35" [_thread_blocked, id=8604, stack(0x000000cb03800000,0x000000cb03900000)]
  0x000002ca518d6800 JavaThread "Unconstrained build operations Thread 36" [_thread_blocked, id=15388, stack(0x000000cb03900000,0x000000cb03a00000)]
  0x000002ca4d9e1000 JavaThread "Unconstrained build operations Thread 37" [_thread_blocked, id=4372, stack(0x000000cb03a00000,0x000000cb03b00000)]
  0x000002ca4d9e2800 JavaThread "Unconstrained build operations Thread 38" [_thread_blocked, id=15648, stack(0x000000cb03b00000,0x000000cb03c00000)]
  0x000002ca4d9e3800 JavaThread "Unconstrained build operations Thread 39" [_thread_blocked, id=5992, stack(0x000000cb03c00000,0x000000cb03d00000)]
  0x000002ca4d9e4800 JavaThread "Unconstrained build operations Thread 40" [_thread_blocked, id=12468, stack(0x000000cb03d00000,0x000000cb03e00000)]
  0x000002ca4d9e0000 JavaThread "Unconstrained build operations Thread 41" [_thread_blocked, id=1564, stack(0x000000cb03e00000,0x000000cb03f00000)]
  0x000002ca4d9e5000 JavaThread "Unconstrained build operations Thread 42" [_thread_blocked, id=8964, stack(0x000000cb03f00000,0x000000cb04000000)]
  0x000002ca4d9df800 JavaThread "Unconstrained build operations Thread 43" [_thread_blocked, id=15752, stack(0x000000cb04000000,0x000000cb04100000)]
  0x000002ca4d9e8800 JavaThread "Unconstrained build operations Thread 44" [_thread_blocked, id=17984, stack(0x000000cb04100000,0x000000cb04200000)]
  0x000002ca4d9e6000 JavaThread "Unconstrained build operations Thread 45" [_thread_blocked, id=8752, stack(0x000000cb04200000,0x000000cb04300000)]
  0x000002ca4d9ec800 JavaThread "Unconstrained build operations Thread 46" [_thread_blocked, id=7824, stack(0x000000cb04300000,0x000000cb04400000)]
  0x000002ca4d9e9000 JavaThread "Unconstrained build operations Thread 47" [_thread_blocked, id=1320, stack(0x000000cb04400000,0x000000cb04500000)]
  0x000002ca4d9eb800 JavaThread "Unconstrained build operations Thread 48" [_thread_blocked, id=8696, stack(0x000000cb04500000,0x000000cb04600000)]
  0x000002ca4d9e7000 JavaThread "Unconstrained build operations Thread 49" [_thread_blocked, id=17268, stack(0x000000cb04600000,0x000000cb04700000)]
  0x000002ca4d9e7800 JavaThread "Unconstrained build operations Thread 50" [_thread_blocked, id=9072, stack(0x000000cb04700000,0x000000cb04800000)]
  0x000002ca4d9eb000 JavaThread "Unconstrained build operations Thread 51" [_thread_blocked, id=9348, stack(0x000000cb04800000,0x000000cb04900000)]
  0x000002ca4d9ea000 JavaThread "Unconstrained build operations Thread 52" [_thread_blocked, id=9016, stack(0x000000cb04900000,0x000000cb04a00000)]
  0x000002ca4d9ed800 JavaThread "Unconstrained build operations Thread 53" [_thread_blocked, id=16576, stack(0x000000cb04a00000,0x000000cb04b00000)]
  0x000002ca4d9ee000 JavaThread "Unconstrained build operations Thread 54" [_thread_blocked, id=9552, stack(0x000000cb04b00000,0x000000cb04c00000)]
  0x000002ca503f9800 JavaThread "Unconstrained build operations Thread 55" [_thread_blocked, id=15420, stack(0x000000cb04c00000,0x000000cb04d00000)]
  0x000002ca503fb000 JavaThread "Unconstrained build operations Thread 56" [_thread_blocked, id=17124, stack(0x000000cb04d00000,0x000000cb04e00000)]
  0x000002ca503fa800 JavaThread "Unconstrained build operations Thread 57" [_thread_blocked, id=16304, stack(0x000000cb04e00000,0x000000cb04f00000)]
  0x000002ca503f5800 JavaThread "Unconstrained build operations Thread 58" [_thread_blocked, id=17932, stack(0x000000cb04f00000,0x000000cb05000000)]
  0x000002ca503fc000 JavaThread "Unconstrained build operations Thread 59" [_thread_blocked, id=3800, stack(0x000000cb05000000,0x000000cb05100000)]
  0x000002ca503f6800 JavaThread "Unconstrained build operations Thread 60" [_thread_blocked, id=16604, stack(0x000000cb05100000,0x000000cb05200000)]
  0x000002ca503fd000 JavaThread "Unconstrained build operations Thread 61" [_thread_blocked, id=1388, stack(0x000000cb05200000,0x000000cb05300000)]
  0x000002ca503f7000 JavaThread "Unconstrained build operations Thread 62" [_thread_blocked, id=6868, stack(0x000000cb05300000,0x000000cb05400000)]
  0x000002ca503fd800 JavaThread "Unconstrained build operations Thread 63" [_thread_blocked, id=13252, stack(0x000000cb05400000,0x000000cb05500000)]
  0x000002ca503f8000 JavaThread "Unconstrained build operations Thread 64" [_thread_blocked, id=12728, stack(0x000000cb05500000,0x000000cb05600000)]
  0x000002ca503f8800 JavaThread "Unconstrained build operations Thread 65" [_thread_blocked, id=14688, stack(0x000000cb05600000,0x000000cb05700000)]
  0x000002ca503fe800 JavaThread "Unconstrained build operations Thread 66" [_thread_blocked, id=17368, stack(0x000000cb05700000,0x000000cb05800000)]
  0x000002ca503ff000 JavaThread "Unconstrained build operations Thread 67" [_thread_blocked, id=3736, stack(0x000000cb05800000,0x000000cb05900000)]
  0x000002ca50401000 JavaThread "Unconstrained build operations Thread 68" [_thread_blocked, id=18276, stack(0x000000cb05900000,0x000000cb05a00000)]
  0x000002ca50400000 JavaThread "Unconstrained build operations Thread 69" [_thread_blocked, id=9268, stack(0x000000cb05a00000,0x000000cb05b00000)]
  0x000002ca50401800 JavaThread "Unconstrained build operations Thread 70" [_thread_blocked, id=10208, stack(0x000000cb05b00000,0x000000cb05c00000)]
  0x000002ca51f4a800 JavaThread "Unconstrained build operations Thread 71" [_thread_blocked, id=6700, stack(0x000000cb05c00000,0x000000cb05d00000)]
  0x000002ca51f49800 JavaThread "Unconstrained build operations Thread 72" [_thread_blocked, id=18428, stack(0x000000cb05d00000,0x000000cb05e00000)]
  0x000002ca51f44800 JavaThread "Unconstrained build operations Thread 73" [_thread_blocked, id=15228, stack(0x000000cb05e00000,0x000000cb05f00000)]
  0x000002ca51f4b000 JavaThread "Unconstrained build operations Thread 74" [_thread_blocked, id=9212, stack(0x000000cb05f00000,0x000000cb06000000)]
  0x000002ca51f45800 JavaThread "Unconstrained build operations Thread 75" [_thread_blocked, id=3848, stack(0x000000cb06000000,0x000000cb06100000)]
  0x000002ca51f4c000 JavaThread "Unconstrained build operations Thread 76" [_thread_blocked, id=8916, stack(0x000000cb06100000,0x000000cb06200000)]
  0x000002ca51f46800 JavaThread "Unconstrained build operations Thread 77" [_thread_blocked, id=11100, stack(0x000000cb06200000,0x000000cb06300000)]
  0x000002ca51f4d000 JavaThread "Unconstrained build operations Thread 78" [_thread_blocked, id=14732, stack(0x000000cb06300000,0x000000cb06400000)]
  0x000002ca51f50000 JavaThread "Unconstrained build operations Thread 79" [_thread_blocked, id=9152, stack(0x000000cb06400000,0x000000cb06500000)]
  0x000002ca51f4d800 JavaThread "Unconstrained build operations Thread 80" [_thread_blocked, id=7152, stack(0x000000cb06500000,0x000000cb06600000)]
=>0x000002ca4e25c800 JavaThread "C2 CompilerThread2" daemon [_thread_in_native, id=2316, stack(0x000000cb06600000,0x000000cb06700000)]
  0x000002ca51f4e800 JavaThread "build event listener" [_thread_blocked, id=14452, stack(0x000000cb06700000,0x000000cb06800000)]
  0x000002ca51f4f800 JavaThread "Execution worker for ':'" [_thread_blocked, id=15460, stack(0x000000cb06800000,0x000000cb06900000)]
  0x000002ca51f51000 JavaThread "Execution worker for ':' Thread 2" [_thread_blocked, id=9944, stack(0x000000cb06900000,0x000000cb06a00000)]
  0x000002ca50459800 JavaThread "Execution worker for ':' Thread 3" [_thread_blocked, id=10012, stack(0x000000cb06a00000,0x000000cb06b00000)]
  0x000002ca50460000 JavaThread "Execution worker for ':' Thread 4" [_thread_blocked, id=9960, stack(0x000000cb06b00000,0x000000cb06c00000)]
  0x000002ca5045c000 JavaThread "Execution worker for ':' Thread 5" [_thread_blocked, id=792, stack(0x000000cb06c00000,0x000000cb06d00000)]
  0x000002ca5045d800 JavaThread "Execution worker for ':' Thread 6" [_thread_blocked, id=10600, stack(0x000000cb06d00000,0x000000cb06e00000)]
  0x000002ca5045a800 JavaThread "Execution worker for ':' Thread 7" [_thread_in_native, id=16252, stack(0x000000cb06e00000,0x000000cb06f00000)]
  0x000002ca50461000 JavaThread "Cache worker for execution history cache (C:\Users\41803\AndroidStudioProjects\EasyWebrtc\.gradle\7.3.3\executionHistory)" [_thread_blocked, id=2860, stack(0x000000cb06f00000,0x000000cb07000000)]
  0x000002ca5045b000 JavaThread "WorkerExecutor Queue" [_thread_blocked, id=11652, stack(0x000000cb07000000,0x000000cb07100000)]
  0x000002ca50466000 JavaThread "Build operations" [_thread_blocked, id=12620, stack(0x000000cb07400000,0x000000cb07500000)]
  0x000002ca50467800 JavaThread "Build operations Thread 2" [_thread_blocked, id=15608, stack(0x000000cb07500000,0x000000cb07600000)]
  0x000002ca4ecd7800 JavaThread "Build operations Thread 3" [_thread_blocked, id=16572, stack(0x000000cb07600000,0x000000cb07700000)]
  0x000002ca4ecd3800 JavaThread "Build operations Thread 4" [_thread_blocked, id=11268, stack(0x000000cb07700000,0x000000cb07800000)]
  0x000002ca4ecd6000 JavaThread "Build operations Thread 5" [_thread_blocked, id=17696, stack(0x000000cb07800000,0x000000cb07900000)]
  0x000002ca57809800 JavaThread "Build operations Thread 6" [_thread_blocked, id=18056, stack(0x000000cb07900000,0x000000cb07a00000)]
  0x000002ca5780c800 JavaThread "Build operations Thread 7" [_thread_blocked, id=18212, stack(0x000000cb07a00000,0x000000cb07b00000)]
  0x000002ca57808800 JavaThread "Build operations Thread 8" [_thread_blocked, id=17796, stack(0x000000cb07b00000,0x000000cb07c00000)]

Other Threads:
  0x000002ca4c6b8000 VMThread "VM Thread" [stack: 0x000000cb79200000,0x000000cb79300000] [id=17548]
  0x000002ca4c8c5000 WatcherThread [stack: 0x000000cb79c00000,0x000000cb79d00000] [id=11844]
  0x000002ca2f9e9000 GCTaskThread "GC Thread#0" [stack: 0x000000cb78d00000,0x000000cb78e00000] [id=6388]
  0x000002ca4d400800 GCTaskThread "GC Thread#1" [stack: 0x000000cb79e00000,0x000000cb79f00000] [id=14288]
  0x000002ca4d6f4000 GCTaskThread "GC Thread#2" [stack: 0x000000cb79f00000,0x000000cb7a000000] [id=1524]
  0x000002ca4d179000 GCTaskThread "GC Thread#3" [stack: 0x000000cb7a000000,0x000000cb7a100000] [id=18292]
  0x000002ca4d618800 GCTaskThread "GC Thread#4" [stack: 0x000000cb7a100000,0x000000cb7a200000] [id=8652]
  0x000002ca4d619000 GCTaskThread "GC Thread#5" [stack: 0x000000cb7a200000,0x000000cb7a300000] [id=9964]
  0x000002ca4f090000 GCTaskThread "GC Thread#6" [stack: 0x000000cb7af00000,0x000000cb7b000000] [id=7876]
  0x000002ca4e86a800 GCTaskThread "GC Thread#7" [stack: 0x000000cb7b000000,0x000000cb7b100000] [id=18312]
  0x000002ca2fa1a000 ConcurrentGCThread "G1 Main Marker" [stack: 0x000000cb78e00000,0x000000cb78f00000] [id=2560]
  0x000002ca2fa1b000 ConcurrentGCThread "G1 Conc#0" [stack: 0x000000cb78f00000,0x000000cb79000000] [id=4612]
  0x000002ca4d690800 ConcurrentGCThread "G1 Conc#1" [stack: 0x000000cb7b100000,0x000000cb7b200000] [id=1452]
  0x000002ca2faae000 ConcurrentGCThread "G1 Refine#0" [stack: 0x000000cb79000000,0x000000cb79100000] [id=16296]
  0x000002ca4cb4f800 ConcurrentGCThread "G1 Refine#1" [stack: 0x000000cb00700000,0x000000cb00800000] [id=7756]
  0x000002ca4bd05800 ConcurrentGCThread "G1 Young RemSet Sampling" [stack: 0x000000cb79100000,0x000000cb79200000] [id=5184]

Threads with active compile tasks:
C2 CompilerThread12551993 26281       4       org.gradle.internal.concurrent.ManagedExecutorImpl::execute (15 bytes)
C2 CompilerThread22551993 26280       4       java.util.concurrent.ThreadPoolExecutor::execute (132 bytes)

VM state:not at safepoint (normal execution)

VM Mutex/Monitor currently owned by a thread: None

Heap address: 0x0000000080000000, size: 2048 MB, Compressed Oops mode: 32-bit
Narrow klass base: 0x0000000000000000, Narrow klass shift: 3
Compressed class space size: 1073741824 Address: 0x0000000100000000

Heap:
 garbage-first heap   total 260096K, used 120690K [0x0000000080000000, 0x0000000100000000)
  region size 1024K, 24 young (24576K), 11 survivors (11264K)
 Metaspace       used 126750K, capacity 131949K, committed 132216K, reserved 1163264K
  class space    used 16080K, capacity 17930K, committed 18048K, reserved 1048576K
Heap Regions: E=young(eden), S=young(survivor), O=old, HS=humongous(starts), HC=humongous(continues), CS=collection set, F=free, A=archive, TAMS=top-at-mark-start (previous, next)
|   0|0x0000000080000000, 0x0000000080100000, 0x0000000080100000|100%| O|  |TAMS 0x0000000080100000, 0x0000000080000000| Untracked 
|   1|0x0000000080100000, 0x0000000080200000, 0x0000000080200000|100%| O|  |TAMS 0x0000000080200000, 0x0000000080100000| Untracked 
|   2|0x0000000080200000, 0x0000000080300000, 0x0000000080300000|100%| O|  |TAMS 0x0000000080300000, 0x0000000080200000| Untracked 
|   3|0x0000000080300000, 0x0000000080400000, 0x0000000080400000|100%|HS|  |TAMS 0x0000000080400000, 0x0000000080300000| Complete 
|   4|0x0000000080400000, 0x0000000080500000, 0x0000000080500000|100%|HC|  |TAMS 0x0000000080500000, 0x0000000080400000| Complete 
|   5|0x0000000080500000, 0x0000000080600000, 0x0000000080600000|100%|HC|  |TAMS 0x0000000080600000, 0x0000000080500000| Complete 
|   6|0x0000000080600000, 0x0000000080700000, 0x0000000080700000|100%| O|  |TAMS 0x0000000080700000, 0x0000000080600000| Untracked 
|   7|0x0000000080700000, 0x0000000080800000, 0x0000000080800000|100%| O|  |TAMS 0x0000000080800000, 0x0000000080700000| Untracked 
|   8|0x0000000080800000, 0x0000000080900000, 0x0000000080900000|100%| O|  |TAMS 0x0000000080900000, 0x0000000080800000| Untracked 
|   9|0x0000000080900000, 0x0000000080a00000, 0x0000000080a00000|100%| O|  |TAMS 0x0000000080a00000, 0x0000000080900000| Untracked 
|  10|0x0000000080a00000, 0x0000000080b00000, 0x0000000080b00000|100%| O|  |TAMS 0x0000000080b00000, 0x0000000080a00000| Untracked 
|  11|0x0000000080b00000, 0x0000000080c00000, 0x0000000080c00000|100%| O|  |TAMS 0x0000000080c00000, 0x0000000080b00000| Untracked 
|  12|0x0000000080c00000, 0x0000000080d00000, 0x0000000080d00000|100%| O|  |TAMS 0x0000000080d00000, 0x0000000080c00000| Untracked 
|  13|0x0000000080d00000, 0x0000000080e00000, 0x0000000080e00000|100%| O|  |TAMS 0x0000000080e00000, 0x0000000080d00000| Untracked 
|  14|0x0000000080e00000, 0x0000000080f00000, 0x0000000080f00000|100%| O|  |TAMS 0x0000000080f00000, 0x0000000080e00000| Untracked 
|  15|0x0000000080f00000, 0x0000000081000000, 0x0000000081000000|100%| O|  |TAMS 0x0000000081000000, 0x0000000080f00000| Untracked 
|  16|0x0000000081000000, 0x0000000081100000, 0x0000000081100000|100%| O|  |TAMS 0x0000000081100000, 0x0000000081000000| Complete 
|  17|0x0000000081100000, 0x0000000081200000, 0x0000000081200000|100%|HS|  |TAMS 0x0000000081200000, 0x0000000081100000| Complete 
|  18|0x0000000081200000, 0x0000000081300000, 0x0000000081300000|100%|HS|  |TAMS 0x0000000081300000, 0x0000000081200000| Complete 
|  19|0x0000000081300000, 0x0000000081400000, 0x0000000081400000|100%|HS|  |TAMS 0x0000000081400000, 0x0000000081300000| Complete 
|  20|0x0000000081400000, 0x0000000081500000, 0x0000000081500000|100%|HC|  |TAMS 0x0000000081500000, 0x0000000081400000| Complete 
|  21|0x0000000081500000, 0x0000000081600000, 0x0000000081600000|100%| O|  |TAMS 0x0000000081600000, 0x0000000081500000| Complete 
|  22|0x0000000081600000, 0x0000000081700000, 0x0000000081700000|100%| O|  |TAMS 0x0000000081700000, 0x0000000081600000| Complete 
|  23|0x0000000081700000, 0x0000000081800000, 0x0000000081800000|100%| O|  |TAMS 0x0000000081800000, 0x0000000081700000| Complete 
|  24|0x0000000081800000, 0x0000000081900000, 0x0000000081900000|100%| O|  |TAMS 0x0000000081900000, 0x0000000081800000| Complete 
|  25|0x0000000081900000, 0x0000000081a00000, 0x0000000081a00000|100%| O|  |TAMS 0x0000000081a00000, 0x0000000081900000| Complete 
|  26|0x0000000081a00000, 0x0000000081b00000, 0x0000000081b00000|100%| O|  |TAMS 0x0000000081b00000, 0x0000000081a00000| Untracked 
|  27|0x0000000081b00000, 0x0000000081c00000, 0x0000000081c00000|100%| O|  |TAMS 0x0000000081c00000, 0x0000000081b00000| Complete 
|  28|0x0000000081c00000, 0x0000000081d00000, 0x0000000081d00000|100%| O|  |TAMS 0x0000000081d00000, 0x0000000081c00000| Untracked 
|  29|0x0000000081d00000, 0x0000000081e00000, 0x0000000081e00000|100%| O|  |TAMS 0x0000000081e00000, 0x0000000081d00000| Untracked 
|  30|0x0000000081e00000, 0x0000000081f00000, 0x0000000081f00000|100%| O|  |TAMS 0x0000000081f00000, 0x0000000081e00000| Untracked 
|  31|0x0000000081f00000, 0x0000000082000000, 0x0000000082000000|100%| O|  |TAMS 0x0000000082000000, 0x0000000081f00000| Untracked 
|  32|0x0000000082000000, 0x0000000082100000, 0x0000000082100000|100%| O|  |TAMS 0x0000000082100000, 0x0000000082000000| Complete 
|  33|0x0000000082100000, 0x0000000082200000, 0x0000000082200000|100%| O|  |TAMS 0x0000000082200000, 0x0000000082100000| Untracked 
|  34|0x0000000082200000, 0x0000000082300000, 0x0000000082300000|100%| O|  |TAMS 0x0000000082300000, 0x0000000082200000| Complete 
|  35|0x0000000082300000, 0x0000000082400000, 0x0000000082400000|100%| O|  |TAMS 0x0000000082400000, 0x0000000082300000| Complete 
|  36|0x0000000082400000, 0x0000000082500000, 0x0000000082500000|100%| O|  |TAMS 0x0000000082500000, 0x0000000082400000| Untracked 
|  37|0x0000000082500000, 0x0000000082600000, 0x0000000082600000|100%| O|  |TAMS 0x0000000082600000, 0x0000000082500000| Complete 
|  38|0x0000000082600000, 0x0000000082700000, 0x0000000082700000|100%| O|  |TAMS 0x0000000082700000, 0x0000000082600000| Untracked 
|  39|0x0000000082700000, 0x0000000082800000, 0x0000000082800000|100%| O|  |TAMS 0x0000000082800000, 0x0000000082700000| Untracked 
|  40|0x0000000082800000, 0x0000000082900000, 0x0000000082900000|100%| O|  |TAMS 0x0000000082900000, 0x0000000082800000| Untracked 
|  41|0x0000000082900000, 0x0000000082a00000, 0x0000000082a00000|100%| O|  |TAMS 0x0000000082a00000, 0x0000000082900000| Complete 
|  42|0x0000000082a00000, 0x0000000082b00000, 0x0000000082b00000|100%| O|  |TAMS 0x0000000082b00000, 0x0000000082a00000| Complete 
|  43|0x0000000082b00000, 0x0000000082c00000, 0x0000000082c00000|100%| O|  |TAMS 0x0000000082c00000, 0x0000000082b00000| Untracked 
|  44|0x0000000082c00000, 0x0000000082d00000, 0x0000000082d00000|100%| O|  |TAMS 0x0000000082d00000, 0x0000000082c00000| Complete 
|  45|0x0000000082d00000, 0x0000000082e00000, 0x0000000082e00000|100%| O|  |TAMS 0x0000000082e00000, 0x0000000082d00000| Complete 
|  46|0x0000000082e00000, 0x0000000082f00000, 0x0000000082f00000|100%| O|  |TAMS 0x0000000082f00000, 0x0000000082e00000| Complete 
|  47|0x0000000082f00000, 0x0000000083000000, 0x0000000083000000|100%| O|  |TAMS 0x0000000083000000, 0x0000000082f00000| Complete 
|  48|0x0000000083000000, 0x0000000083100000, 0x0000000083100000|100%| O|  |TAMS 0x0000000083100000, 0x0000000083000000| Complete 
|  49|0x0000000083100000, 0x0000000083200000, 0x0000000083200000|100%|HS|  |TAMS 0x0000000083100000, 0x0000000083100000| Complete 
|  50|0x0000000083200000, 0x0000000083300000, 0x0000000083300000|100%|HC|  |TAMS 0x0000000083200000, 0x0000000083200000| Complete 
|  51|0x0000000083300000, 0x0000000083400000, 0x0000000083400000|100%| O|  |TAMS 0x0000000083400000, 0x0000000083300000| Untracked 
|  52|0x0000000083400000, 0x0000000083400000, 0x0000000083500000|  0%| F|  |TAMS 0x0000000083400000, 0x0000000083400000| Untracked 
|  53|0x0000000083500000, 0x0000000083600000, 0x0000000083600000|100%| O|  |TAMS 0x0000000083600000, 0x0000000083500000| Complete 
|  54|0x0000000083600000, 0x0000000083700000, 0x0000000083700000|100%| O|  |TAMS 0x0000000083700000, 0x0000000083600000| Complete 
|  55|0x0000000083700000, 0x0000000083700000, 0x0000000083800000|  0%| F|  |TAMS 0x0000000083700000, 0x0000000083700000| Untracked 
|  56|0x0000000083800000, 0x0000000083800000, 0x0000000083900000|  0%| F|  |TAMS 0x0000000083800000, 0x0000000083800000| Untracked 
|  57|0x0000000083900000, 0x0000000083a00000, 0x0000000083a00000|100%| O|  |TAMS 0x0000000083a00000, 0x0000000083900000| Untracked 
|  58|0x0000000083a00000, 0x0000000083b00000, 0x0000000083b00000|100%| O|  |TAMS 0x0000000083b00000, 0x0000000083a00000| Complete 
|  59|0x0000000083b00000, 0x0000000083c00000, 0x0000000083c00000|100%| O|  |TAMS 0x0000000083c00000, 0x0000000083b00000| Complete 
|  60|0x0000000083c00000, 0x0000000083d00000, 0x0000000083d00000|100%| O|  |TAMS 0x0000000083d00000, 0x0000000083c00000| Complete 
|  61|0x0000000083d00000, 0x0000000083e00000, 0x0000000083e00000|100%| O|  |TAMS 0x0000000083e00000, 0x0000000083d00000| Complete 
|  62|0x0000000083e00000, 0x0000000083f00000, 0x0000000083f00000|100%| O|  |TAMS 0x0000000083f00000, 0x0000000083e00000| Untracked 
|  63|0x0000000083f00000, 0x0000000084000000, 0x0000000084000000|100%| O|  |TAMS 0x0000000084000000, 0x0000000083f00000| Untracked 
|  64|0x0000000084000000, 0x00000000840ed000, 0x0000000084100000| 92%| O|  |TAMS 0x00000000840ed000, 0x0000000084000000| Untracked 
|  65|0x0000000084100000, 0x0000000084100000, 0x0000000084200000|  0%| F|  |TAMS 0x0000000084100000, 0x0000000084100000| Untracked 
|  66|0x0000000084200000, 0x0000000084200000, 0x0000000084300000|  0%| F|  |TAMS 0x0000000084200000, 0x0000000084200000| Untracked 
|  67|0x0000000084300000, 0x0000000084300000, 0x0000000084400000|  0%| F|  |TAMS 0x0000000084300000, 0x0000000084300000| Untracked 
|  68|0x0000000084400000, 0x0000000084400000, 0x0000000084500000|  0%| F|  |TAMS 0x0000000084400000, 0x0000000084400000| Untracked 
|  69|0x0000000084500000, 0x0000000084500000, 0x0000000084600000|  0%| F|  |TAMS 0x0000000084500000, 0x0000000084500000| Untracked 
|  70|0x0000000084600000, 0x0000000084600000, 0x0000000084700000|  0%| F|  |TAMS 0x0000000084600000, 0x0000000084600000| Untracked 
|  71|0x0000000084700000, 0x0000000084800000, 0x0000000084800000|100%| O|  |TAMS 0x0000000084800000, 0x0000000084700000| Complete 
|  72|0x0000000084800000, 0x0000000084900000, 0x0000000084900000|100%| O|  |TAMS 0x0000000084900000, 0x0000000084800000| Complete 
|  73|0x0000000084900000, 0x0000000084a00000, 0x0000000084a00000|100%| O|  |TAMS 0x0000000084a00000, 0x0000000084900000| Untracked 
|  74|0x0000000084a00000, 0x0000000084b00000, 0x0000000084b00000|100%| O|  |TAMS 0x0000000084b00000, 0x0000000084a00000| Untracked 
|  75|0x0000000084b00000, 0x0000000084c00000, 0x0000000084c00000|100%| O|  |TAMS 0x0000000084c00000, 0x0000000084b00000| Complete 
|  76|0x0000000084c00000, 0x0000000084d00000, 0x0000000084d00000|100%| O|  |TAMS 0x0000000084d00000, 0x0000000084c00000| Untracked 
|  77|0x0000000084d00000, 0x0000000084d00000, 0x0000000084e00000|  0%| F|  |TAMS 0x0000000084d00000, 0x0000000084d00000| Untracked 
|  78|0x0000000084e00000, 0x0000000084f00000, 0x0000000084f00000|100%| O|  |TAMS 0x0000000084f00000, 0x0000000084e00000| Complete 
|  79|0x0000000084f00000, 0x0000000085000000, 0x0000000085000000|100%| O|  |TAMS 0x0000000085000000, 0x0000000084f00000| Complete 
|  80|0x0000000085000000, 0x0000000085000000, 0x0000000085100000|  0%| F|  |TAMS 0x0000000085000000, 0x0000000085000000| Untracked 
|  81|0x0000000085100000, 0x0000000085200000, 0x0000000085200000|100%| O|  |TAMS 0x0000000085200000, 0x0000000085100000| Complete 
|  82|0x0000000085200000, 0x0000000085300000, 0x0000000085300000|100%| O|  |TAMS 0x0000000085300000, 0x0000000085200000| Complete 
|  83|0x0000000085300000, 0x0000000085300000, 0x0000000085400000|  0%| F|  |TAMS 0x0000000085300000, 0x0000000085300000| Untracked 
|  84|0x0000000085400000, 0x0000000085400000, 0x0000000085500000|  0%| F|  |TAMS 0x0000000085400000, 0x0000000085400000| Untracked 
|  85|0x0000000085500000, 0x0000000085600000, 0x0000000085600000|100%| O|  |TAMS 0x0000000085600000, 0x0000000085500000| Untracked 
|  86|0x0000000085600000, 0x0000000085700000, 0x0000000085700000|100%| O|  |TAMS 0x0000000085700000, 0x0000000085600000| Complete 
|  87|0x0000000085700000, 0x0000000085800000, 0x0000000085800000|100%| O|  |TAMS 0x0000000085800000, 0x0000000085700000| Complete 
|  88|0x0000000085800000, 0x0000000085800000, 0x0000000085900000|  0%| F|  |TAMS 0x0000000085800000, 0x0000000085800000| Untracked 
|  89|0x0000000085900000, 0x0000000085900000, 0x0000000085a00000|  0%| F|  |TAMS 0x0000000085900000, 0x0000000085900000| Untracked 
|  90|0x0000000085a00000, 0x0000000085a00000, 0x0000000085b00000|  0%| F|  |TAMS 0x0000000085a00000, 0x0000000085a00000| Untracked 
|  91|0x0000000085b00000, 0x0000000085b00000, 0x0000000085c00000|  0%| F|  |TAMS 0x0000000085b00000, 0x0000000085b00000| Untracked 
|  92|0x0000000085c00000, 0x0000000085d00000, 0x0000000085d00000|100%| O|  |TAMS 0x0000000085d00000, 0x0000000085c00000| Untracked 
|  93|0x0000000085d00000, 0x0000000085e00000, 0x0000000085e00000|100%| O|  |TAMS 0x0000000085e00000, 0x0000000085d00000| Untracked 
|  94|0x0000000085e00000, 0x0000000085f00000, 0x0000000085f00000|100%| O|  |TAMS 0x0000000085f00000, 0x0000000085e00000| Complete 
|  95|0x0000000085f00000, 0x0000000085f00000, 0x0000000086000000|  0%| F|  |TAMS 0x0000000085f00000, 0x0000000085f00000| Untracked 
|  96|0x0000000086000000, 0x0000000086000000, 0x0000000086100000|  0%| F|  |TAMS 0x0000000086000000, 0x0000000086000000| Untracked 
|  97|0x0000000086100000, 0x0000000086100000, 0x0000000086200000|  0%| F|  |TAMS 0x0000000086100000, 0x0000000086100000| Untracked 
|  98|0x0000000086200000, 0x0000000086200000, 0x0000000086300000|  0%| F|  |TAMS 0x0000000086200000, 0x0000000086200000| Untracked 
|  99|0x0000000086300000, 0x0000000086300000, 0x0000000086400000|  0%| F|  |TAMS 0x0000000086300000, 0x0000000086300000| Untracked 
| 100|0x0000000086400000, 0x0000000086400000, 0x0000000086500000|  0%| F|  |TAMS 0x0000000086400000, 0x0000000086400000| Untracked 
| 101|0x0000000086500000, 0x0000000086500000, 0x0000000086600000|  0%| F|  |TAMS 0x0000000086500000, 0x0000000086500000| Untracked 
| 102|0x0000000086600000, 0x0000000086600000, 0x0000000086700000|  0%| F|  |TAMS 0x0000000086600000, 0x0000000086600000| Untracked 
| 103|0x0000000086700000, 0x0000000086800000, 0x0000000086800000|100%| O|  |TAMS 0x0000000086800000, 0x0000000086700000| Complete 
| 104|0x0000000086800000, 0x0000000086900000, 0x0000000086900000|100%| O|  |TAMS 0x0000000086900000, 0x0000000086800000| Complete 
| 105|0x0000000086900000, 0x0000000086900000, 0x0000000086a00000|  0%| F|  |TAMS 0x0000000086900000, 0x0000000086900000| Untracked 
| 106|0x0000000086a00000, 0x0000000086a00000, 0x0000000086b00000|  0%| F|  |TAMS 0x0000000086a00000, 0x0000000086a00000| Untracked 
| 107|0x0000000086b00000, 0x0000000086c00000, 0x0000000086c00000|100%| O|  |TAMS 0x0000000086c00000, 0x0000000086b00000| Complete 
| 108|0x0000000086c00000, 0x0000000086c00000, 0x0000000086d00000|  0%| F|  |TAMS 0x0000000086c00000, 0x0000000086c00000| Untracked 
| 109|0x0000000086d00000, 0x0000000086d00000, 0x0000000086e00000|  0%| F|  |TAMS 0x0000000086d00000, 0x0000000086d00000| Untracked 
| 110|0x0000000086e00000, 0x0000000086e00000, 0x0000000086f00000|  0%| F|  |TAMS 0x0000000086e00000, 0x0000000086e00000| Untracked 
| 111|0x0000000086f00000, 0x0000000087000000, 0x0000000087000000|100%| O|  |TAMS 0x0000000087000000, 0x0000000086f00000| Complete 
| 112|0x0000000087000000, 0x0000000087000000, 0x0000000087100000|  0%| F|  |TAMS 0x0000000087000000, 0x0000000087000000| Untracked 
| 113|0x0000000087100000, 0x0000000087200000, 0x0000000087200000|100%| O|  |TAMS 0x0000000087200000, 0x0000000087100000| Complete 
| 114|0x0000000087200000, 0x0000000087300000, 0x0000000087300000|100%| O|  |TAMS 0x0000000087300000, 0x0000000087200000| Complete 
| 115|0x0000000087300000, 0x0000000087400000, 0x0000000087400000|100%| O|  |TAMS 0x0000000087400000, 0x0000000087300000| Complete 
| 116|0x0000000087400000, 0x0000000087500000, 0x0000000087500000|100%| O|  |TAMS 0x0000000087500000, 0x0000000087400000| Complete 
| 117|0x0000000087500000, 0x0000000087600000, 0x0000000087600000|100%| O|  |TAMS 0x0000000087600000, 0x0000000087500000| Complete 
| 118|0x0000000087600000, 0x0000000087600000, 0x0000000087700000|  0%| F|  |TAMS 0x0000000087600000, 0x0000000087600000| Untracked 
| 119|0x0000000087700000, 0x0000000087800000, 0x0000000087800000|100%| O|  |TAMS 0x0000000087800000, 0x0000000087700000| Complete 
| 120|0x0000000087800000, 0x0000000087900000, 0x0000000087900000|100%| O|  |TAMS 0x0000000087900000, 0x0000000087800000| Untracked 
| 121|0x0000000087900000, 0x0000000087a00000, 0x0000000087a00000|100%| O|  |TAMS 0x0000000087a00000, 0x0000000087900000| Untracked 
| 122|0x0000000087a00000, 0x0000000087b00000, 0x0000000087b00000|100%| O|  |TAMS 0x0000000087b00000, 0x0000000087a00000| Untracked 
| 123|0x0000000087b00000, 0x0000000087c00000, 0x0000000087c00000|100%| O|  |TAMS 0x0000000087c00000, 0x0000000087b00000| Untracked 
| 124|0x0000000087c00000, 0x0000000087d00000, 0x0000000087d00000|100%| O|  |TAMS 0x0000000087d00000, 0x0000000087c00000| Untracked 
| 125|0x0000000087d00000, 0x0000000087e00000, 0x0000000087e00000|100%| O|  |TAMS 0x0000000087e00000, 0x0000000087d00000| Complete 
| 126|0x0000000087e00000, 0x0000000087f00000, 0x0000000087f00000|100%| O|  |TAMS 0x0000000087f00000, 0x0000000087e00000| Complete 
| 127|0x0000000087f00000, 0x0000000088000000, 0x0000000088000000|100%| O|  |TAMS 0x0000000088000000, 0x0000000087f00000| Untracked 
| 128|0x0000000088000000, 0x0000000088000000, 0x0000000088100000|  0%| F|  |TAMS 0x0000000088000000, 0x0000000088000000| Untracked 
| 129|0x0000000088100000, 0x0000000088100000, 0x0000000088200000|  0%| F|  |TAMS 0x0000000088100000, 0x0000000088100000| Untracked 
| 130|0x0000000088200000, 0x0000000088200000, 0x0000000088300000|  0%| F|  |TAMS 0x0000000088200000, 0x0000000088200000| Untracked 
| 131|0x0000000088300000, 0x0000000088300000, 0x0000000088400000|  0%| F|  |TAMS 0x0000000088300000, 0x0000000088300000| Untracked 
| 132|0x0000000088400000, 0x0000000088400000, 0x0000000088500000|  0%| F|  |TAMS 0x0000000088400000, 0x0000000088400000| Untracked 
| 133|0x0000000088500000, 0x0000000088500000, 0x0000000088600000|  0%| F|  |TAMS 0x0000000088500000, 0x0000000088500000| Untracked 
| 134|0x0000000088600000, 0x0000000088600000, 0x0000000088700000|  0%| F|  |TAMS 0x0000000088600000, 0x0000000088600000| Untracked 
| 135|0x0000000088700000, 0x0000000088700000, 0x0000000088800000|  0%| F|  |TAMS 0x0000000088700000, 0x0000000088700000| Untracked 
| 136|0x0000000088800000, 0x0000000088800000, 0x0000000088900000|  0%| F|  |TAMS 0x0000000088800000, 0x0000000088800000| Untracked 
| 137|0x0000000088900000, 0x0000000088900000, 0x0000000088a00000|  0%| F|  |TAMS 0x0000000088900000, 0x0000000088900000| Untracked 
| 138|0x0000000088a00000, 0x0000000088a00000, 0x0000000088b00000|  0%| F|  |TAMS 0x0000000088a00000, 0x0000000088a00000| Untracked 
| 139|0x0000000088b00000, 0x0000000088b00000, 0x0000000088c00000|  0%| F|  |TAMS 0x0000000088b00000, 0x0000000088b00000| Untracked 
| 140|0x0000000088c00000, 0x0000000088c00000, 0x0000000088d00000|  0%| F|  |TAMS 0x0000000088c00000, 0x0000000088c00000| Untracked 
| 141|0x0000000088d00000, 0x0000000088d00000, 0x0000000088e00000|  0%| F|  |TAMS 0x0000000088d00000, 0x0000000088d00000| Untracked 
| 142|0x0000000088e00000, 0x0000000088e00000, 0x0000000088f00000|  0%| F|  |TAMS 0x0000000088e00000, 0x0000000088e00000| Untracked 
| 143|0x0000000088f00000, 0x0000000088f00000, 0x0000000089000000|  0%| F|  |TAMS 0x0000000088f00000, 0x0000000088f00000| Untracked 
| 144|0x0000000089000000, 0x0000000089000000, 0x0000000089100000|  0%| F|  |TAMS 0x0000000089000000, 0x0000000089000000| Untracked 
| 145|0x0000000089100000, 0x0000000089100000, 0x0000000089200000|  0%| F|  |TAMS 0x0000000089100000, 0x0000000089100000| Untracked 
| 146|0x0000000089200000, 0x0000000089200000, 0x0000000089300000|  0%| F|  |TAMS 0x0000000089200000, 0x0000000089200000| Untracked 
| 147|0x0000000089300000, 0x0000000089300000, 0x0000000089400000|  0%| F|  |TAMS 0x0000000089300000, 0x0000000089300000| Untracked 
| 148|0x0000000089400000, 0x0000000089400000, 0x0000000089500000|  0%| F|  |TAMS 0x0000000089400000, 0x0000000089400000| Untracked 
| 149|0x0000000089500000, 0x0000000089500000, 0x0000000089600000|  0%| F|  |TAMS 0x0000000089500000, 0x0000000089500000| Untracked 
| 150|0x0000000089600000, 0x0000000089600000, 0x0000000089700000|  0%| F|  |TAMS 0x0000000089600000, 0x0000000089600000| Untracked 
| 151|0x0000000089700000, 0x0000000089700000, 0x0000000089800000|  0%| F|  |TAMS 0x0000000089700000, 0x0000000089700000| Untracked 
| 152|0x0000000089800000, 0x0000000089800000, 0x0000000089900000|  0%| F|  |TAMS 0x0000000089800000, 0x0000000089800000| Untracked 
| 153|0x0000000089900000, 0x0000000089900000, 0x0000000089a00000|  0%| F|  |TAMS 0x0000000089900000, 0x0000000089900000| Untracked 
| 154|0x0000000089a00000, 0x0000000089a00000, 0x0000000089b00000|  0%| F|  |TAMS 0x0000000089a00000, 0x0000000089a00000| Untracked 
| 155|0x0000000089b00000, 0x0000000089b00000, 0x0000000089c00000|  0%| F|  |TAMS 0x0000000089b00000, 0x0000000089b00000| Untracked 
| 156|0x0000000089c00000, 0x0000000089c00000, 0x0000000089d00000|  0%| F|  |TAMS 0x0000000089c00000, 0x0000000089c00000| Untracked 
| 157|0x0000000089d00000, 0x0000000089d00000, 0x0000000089e00000|  0%| F|  |TAMS 0x0000000089d00000, 0x0000000089d00000| Untracked 
| 158|0x0000000089e00000, 0x0000000089e00000, 0x0000000089f00000|  0%| F|  |TAMS 0x0000000089e00000, 0x0000000089e00000| Untracked 
| 159|0x0000000089f00000, 0x0000000089f00000, 0x000000008a000000|  0%| F|  |TAMS 0x0000000089f00000, 0x0000000089f00000| Untracked 
| 160|0x000000008a000000, 0x000000008a000000, 0x000000008a100000|  0%| F|  |TAMS 0x000000008a000000, 0x000000008a000000| Untracked 
| 161|0x000000008a100000, 0x000000008a100000, 0x000000008a200000|  0%| F|  |TAMS 0x000000008a100000, 0x000000008a100000| Untracked 
| 162|0x000000008a200000, 0x000000008a200000, 0x000000008a300000|  0%| F|  |TAMS 0x000000008a200000, 0x000000008a200000| Untracked 
| 163|0x000000008a300000, 0x000000008a300000, 0x000000008a400000|  0%| F|  |TAMS 0x000000008a300000, 0x000000008a300000| Untracked 
| 164|0x000000008a400000, 0x000000008a400000, 0x000000008a500000|  0%| F|  |TAMS 0x000000008a400000, 0x000000008a400000| Untracked 
| 165|0x000000008a500000, 0x000000008a500000, 0x000000008a600000|  0%| F|  |TAMS 0x000000008a500000, 0x000000008a500000| Untracked 
| 166|0x000000008a600000, 0x000000008a600000, 0x000000008a700000|  0%| F|  |TAMS 0x000000008a600000, 0x000000008a600000| Untracked 
| 167|0x000000008a700000, 0x000000008a700000, 0x000000008a800000|  0%| F|  |TAMS 0x000000008a700000, 0x000000008a700000| Untracked 
| 168|0x000000008a800000, 0x000000008a800000, 0x000000008a900000|  0%| F|  |TAMS 0x000000008a800000, 0x000000008a800000| Untracked 
| 169|0x000000008a900000, 0x000000008a900000, 0x000000008aa00000|  0%| F|  |TAMS 0x000000008a900000, 0x000000008a900000| Untracked 
| 170|0x000000008aa00000, 0x000000008aa00000, 0x000000008ab00000|  0%| F|  |TAMS 0x000000008aa00000, 0x000000008aa00000| Untracked 
| 171|0x000000008ab00000, 0x000000008ab00000, 0x000000008ac00000|  0%| F|  |TAMS 0x000000008ab00000, 0x000000008ab00000| Untracked 
| 172|0x000000008ac00000, 0x000000008ac00000, 0x000000008ad00000|  0%| F|  |TAMS 0x000000008ac00000, 0x000000008ac00000| Untracked 
| 173|0x000000008ad00000, 0x000000008ad00000, 0x000000008ae00000|  0%| F|  |TAMS 0x000000008ad00000, 0x000000008ad00000| Untracked 
| 174|0x000000008ae00000, 0x000000008ae00000, 0x000000008af00000|  0%| F|  |TAMS 0x000000008ae00000, 0x000000008ae00000| Untracked 
| 175|0x000000008af00000, 0x000000008af00000, 0x000000008b000000|  0%| F|  |TAMS 0x000000008af00000, 0x000000008af00000| Untracked 
| 176|0x000000008b000000, 0x000000008b000000, 0x000000008b100000|  0%| F|  |TAMS 0x000000008b000000, 0x000000008b000000| Untracked 
| 177|0x000000008b100000, 0x000000008b100000, 0x000000008b200000|  0%| F|  |TAMS 0x000000008b100000, 0x000000008b100000| Untracked 
| 178|0x000000008b200000, 0x000000008b200000, 0x000000008b300000|  0%| F|  |TAMS 0x000000008b200000, 0x000000008b200000| Untracked 
| 179|0x000000008b300000, 0x000000008b300000, 0x000000008b400000|  0%| F|  |TAMS 0x000000008b300000, 0x000000008b300000| Untracked 
| 180|0x000000008b400000, 0x000000008b400000, 0x000000008b500000|  0%| F|  |TAMS 0x000000008b400000, 0x000000008b400000| Untracked 
| 181|0x000000008b500000, 0x000000008b500000, 0x000000008b600000|  0%| F|  |TAMS 0x000000008b500000, 0x000000008b500000| Untracked 
| 182|0x000000008b600000, 0x000000008b600000, 0x000000008b700000|  0%| F|  |TAMS 0x000000008b600000, 0x000000008b600000| Untracked 
| 183|0x000000008b700000, 0x000000008b700000, 0x000000008b800000|  0%| F|  |TAMS 0x000000008b700000, 0x000000008b700000| Untracked 
| 184|0x000000008b800000, 0x000000008b800000, 0x000000008b900000|  0%| F|  |TAMS 0x000000008b800000, 0x000000008b800000| Untracked 
| 185|0x000000008b900000, 0x000000008b9ef950, 0x000000008ba00000| 93%| S|CS|TAMS 0x000000008b900000, 0x000000008b900000| Complete 
| 186|0x000000008ba00000, 0x000000008bb00000, 0x000000008bb00000|100%| S|CS|TAMS 0x000000008ba00000, 0x000000008ba00000| Complete 
| 187|0x000000008bb00000, 0x000000008bc00000, 0x000000008bc00000|100%| S|CS|TAMS 0x000000008bb00000, 0x000000008bb00000| Complete 
| 188|0x000000008bc00000, 0x000000008bd00000, 0x000000008bd00000|100%| S|CS|TAMS 0x000000008bc00000, 0x000000008bc00000| Complete 
| 189|0x000000008bd00000, 0x000000008be00000, 0x000000008be00000|100%| S|CS|TAMS 0x000000008bd00000, 0x000000008bd00000| Complete 
| 190|0x000000008be00000, 0x000000008bf00000, 0x000000008bf00000|100%| S|CS|TAMS 0x000000008be00000, 0x000000008be00000| Complete 
| 191|0x000000008bf00000, 0x000000008c000000, 0x000000008c000000|100%| S|CS|TAMS 0x000000008bf00000, 0x000000008bf00000| Complete 
| 192|0x000000008c000000, 0x000000008c100000, 0x000000008c100000|100%| S|CS|TAMS 0x000000008c000000, 0x000000008c000000| Complete 
| 193|0x000000008c100000, 0x000000008c200000, 0x000000008c200000|100%| S|CS|TAMS 0x000000008c100000, 0x000000008c100000| Complete 
| 194|0x000000008c200000, 0x000000008c300000, 0x000000008c300000|100%| S|CS|TAMS 0x000000008c200000, 0x000000008c200000| Complete 
| 195|0x000000008c300000, 0x000000008c400000, 0x000000008c400000|100%| S|CS|TAMS 0x000000008c300000, 0x000000008c300000| Complete 
| 196|0x000000008c400000, 0x000000008c400000, 0x000000008c500000|  0%| F|  |TAMS 0x000000008c400000, 0x000000008c400000| Untracked 
| 197|0x000000008c500000, 0x000000008c500000, 0x000000008c600000|  0%| F|  |TAMS 0x000000008c500000, 0x000000008c500000| Untracked 
| 198|0x000000008c600000, 0x000000008c600000, 0x000000008c700000|  0%| F|  |TAMS 0x000000008c600000, 0x000000008c600000| Untracked 
| 199|0x000000008c700000, 0x000000008c700000, 0x000000008c800000|  0%| F|  |TAMS 0x000000008c700000, 0x000000008c700000| Untracked 
| 200|0x000000008c800000, 0x000000008c800000, 0x000000008c900000|  0%| F|  |TAMS 0x000000008c800000, 0x000000008c800000| Untracked 
| 201|0x000000008c900000, 0x000000008c900000, 0x000000008ca00000|  0%| F|  |TAMS 0x000000008c900000, 0x000000008c900000| Untracked 
| 202|0x000000008ca00000, 0x000000008ca00000, 0x000000008cb00000|  0%| F|  |TAMS 0x000000008ca00000, 0x000000008ca00000| Untracked 
| 203|0x000000008cb00000, 0x000000008cb00000, 0x000000008cc00000|  0%| F|  |TAMS 0x000000008cb00000, 0x000000008cb00000| Untracked 
| 204|0x000000008cc00000, 0x000000008cc00000, 0x000000008cd00000|  0%| F|  |TAMS 0x000000008cc00000, 0x000000008cc00000| Untracked 
| 205|0x000000008cd00000, 0x000000008cd00000, 0x000000008ce00000|  0%| F|  |TAMS 0x000000008cd00000, 0x000000008cd00000| Untracked 
| 206|0x000000008ce00000, 0x000000008ce00000, 0x000000008cf00000|  0%| F|  |TAMS 0x000000008ce00000, 0x000000008ce00000| Untracked 
| 207|0x000000008cf00000, 0x000000008cf00000, 0x000000008d000000|  0%| F|  |TAMS 0x000000008cf00000, 0x000000008cf00000| Untracked 
| 208|0x000000008d000000, 0x000000008d000000, 0x000000008d100000|  0%| F|  |TAMS 0x000000008d000000, 0x000000008d000000| Untracked 
| 209|0x000000008d100000, 0x000000008d100000, 0x000000008d200000|  0%| F|  |TAMS 0x000000008d100000, 0x000000008d100000| Untracked 
| 210|0x000000008d200000, 0x000000008d200000, 0x000000008d300000|  0%| F|  |TAMS 0x000000008d200000, 0x000000008d200000| Untracked 
| 211|0x000000008d300000, 0x000000008d300000, 0x000000008d400000|  0%| F|  |TAMS 0x000000008d300000, 0x000000008d300000| Untracked 
| 212|0x000000008d400000, 0x000000008d400000, 0x000000008d500000|  0%| F|  |TAMS 0x000000008d400000, 0x000000008d400000| Untracked 
| 213|0x000000008d500000, 0x000000008d500000, 0x000000008d600000|  0%| F|  |TAMS 0x000000008d500000, 0x000000008d500000| Untracked 
| 214|0x000000008d600000, 0x000000008d600000, 0x000000008d700000|  0%| F|  |TAMS 0x000000008d600000, 0x000000008d600000| Untracked 
| 215|0x000000008d700000, 0x000000008d700000, 0x000000008d800000|  0%| F|  |TAMS 0x000000008d700000, 0x000000008d700000| Untracked 
| 216|0x000000008d800000, 0x000000008d800000, 0x000000008d900000|  0%| F|  |TAMS 0x000000008d800000, 0x000000008d800000| Untracked 
| 217|0x000000008d900000, 0x000000008d900000, 0x000000008da00000|  0%| F|  |TAMS 0x000000008d900000, 0x000000008d900000| Untracked 
| 218|0x000000008da00000, 0x000000008da00000, 0x000000008db00000|  0%| F|  |TAMS 0x000000008da00000, 0x000000008da00000| Untracked 
| 219|0x000000008db00000, 0x000000008db00000, 0x000000008dc00000|  0%| F|  |TAMS 0x000000008db00000, 0x000000008db00000| Untracked 
| 220|0x000000008dc00000, 0x000000008dc00000, 0x000000008dd00000|  0%| F|  |TAMS 0x000000008dc00000, 0x000000008dc00000| Untracked 
| 221|0x000000008dd00000, 0x000000008dd00000, 0x000000008de00000|  0%| F|  |TAMS 0x000000008dd00000, 0x000000008dd00000| Untracked 
| 222|0x000000008de00000, 0x000000008de00000, 0x000000008df00000|  0%| F|  |TAMS 0x000000008de00000, 0x000000008de00000| Untracked 
| 223|0x000000008df00000, 0x000000008df00000, 0x000000008e000000|  0%| F|  |TAMS 0x000000008df00000, 0x000000008df00000| Untracked 
| 224|0x000000008e000000, 0x000000008e000000, 0x000000008e100000|  0%| F|  |TAMS 0x000000008e000000, 0x000000008e000000| Untracked 
| 225|0x000000008e100000, 0x000000008e100000, 0x000000008e200000|  0%| F|  |TAMS 0x000000008e100000, 0x000000008e100000| Untracked 
| 226|0x000000008e200000, 0x000000008e200000, 0x000000008e300000|  0%| F|  |TAMS 0x000000008e200000, 0x000000008e200000| Untracked 
| 227|0x000000008e300000, 0x000000008e300000, 0x000000008e400000|  0%| F|  |TAMS 0x000000008e300000, 0x000000008e300000| Untracked 
| 228|0x000000008e400000, 0x000000008e400000, 0x000000008e500000|  0%| F|  |TAMS 0x000000008e400000, 0x000000008e400000| Untracked 
| 229|0x000000008e500000, 0x000000008e500000, 0x000000008e600000|  0%| F|  |TAMS 0x000000008e500000, 0x000000008e500000| Untracked 
| 230|0x000000008e600000, 0x000000008e600000, 0x000000008e700000|  0%| F|  |TAMS 0x000000008e600000, 0x000000008e600000| Untracked 
| 231|0x000000008e700000, 0x000000008e700000, 0x000000008e800000|  0%| F|  |TAMS 0x000000008e700000, 0x000000008e700000| Untracked 
| 232|0x000000008e800000, 0x000000008e800000, 0x000000008e900000|  0%| F|  |TAMS 0x000000008e800000, 0x000000008e800000| Untracked 
| 233|0x000000008e900000, 0x000000008e900000, 0x000000008ea00000|  0%| F|  |TAMS 0x000000008e900000, 0x000000008e900000| Untracked 
| 234|0x000000008ea00000, 0x000000008ea00000, 0x000000008eb00000|  0%| F|  |TAMS 0x000000008ea00000, 0x000000008ea00000| Untracked 
| 235|0x000000008eb00000, 0x000000008eb00000, 0x000000008ec00000|  0%| F|  |TAMS 0x000000008eb00000, 0x000000008eb00000| Untracked 
| 236|0x000000008ec00000, 0x000000008ec00000, 0x000000008ed00000|  0%| F|  |TAMS 0x000000008ec00000, 0x000000008ec00000| Untracked 
| 237|0x000000008ed00000, 0x000000008ed00000, 0x000000008ee00000|  0%| F|  |TAMS 0x000000008ed00000, 0x000000008ed00000| Untracked 
| 238|0x000000008ee00000, 0x000000008ee00000, 0x000000008ef00000|  0%| F|  |TAMS 0x000000008ee00000, 0x000000008ee00000| Untracked 
| 239|0x000000008ef00000, 0x000000008ef00000, 0x000000008f000000|  0%| F|  |TAMS 0x000000008ef00000, 0x000000008ef00000| Untracked 
| 240|0x000000008f000000, 0x000000008f000000, 0x000000008f100000|  0%| F|  |TAMS 0x000000008f000000, 0x000000008f000000| Untracked 
| 241|0x000000008f100000, 0x000000008f174e88, 0x000000008f200000| 45%| E|  |TAMS 0x000000008f100000, 0x000000008f100000| Complete 
| 242|0x000000008f200000, 0x000000008f300000, 0x000000008f300000|100%| E|CS|TAMS 0x000000008f200000, 0x000000008f200000| Complete 
| 243|0x000000008f300000, 0x000000008f400000, 0x000000008f400000|100%| E|CS|TAMS 0x000000008f300000, 0x000000008f300000| Complete 
| 244|0x000000008f400000, 0x000000008f500000, 0x000000008f500000|100%| E|CS|TAMS 0x000000008f400000, 0x000000008f400000| Complete 
| 245|0x000000008f500000, 0x000000008f600000, 0x000000008f600000|100%| E|CS|TAMS 0x000000008f500000, 0x000000008f500000| Complete 
| 246|0x000000008f600000, 0x000000008f700000, 0x000000008f700000|100%| E|CS|TAMS 0x000000008f600000, 0x000000008f600000| Complete 
| 247|0x000000008f700000, 0x000000008f800000, 0x000000008f800000|100%| E|CS|TAMS 0x000000008f700000, 0x000000008f700000| Complete 
| 248|0x000000008f800000, 0x000000008f900000, 0x000000008f900000|100%| E|CS|TAMS 0x000000008f800000, 0x000000008f800000| Complete 
| 249|0x000000008f900000, 0x000000008fa00000, 0x000000008fa00000|100%| E|CS|TAMS 0x000000008f900000, 0x000000008f900000| Complete 
| 250|0x000000008fa00000, 0x000000008fb00000, 0x000000008fb00000|100%| E|CS|TAMS 0x000000008fa00000, 0x000000008fa00000| Complete 
| 251|0x000000008fb00000, 0x000000008fc00000, 0x000000008fc00000|100%| E|CS|TAMS 0x000000008fb00000, 0x000000008fb00000| Complete 
| 252|0x000000008fc00000, 0x000000008fd00000, 0x000000008fd00000|100%| E|  |TAMS 0x000000008fc00000, 0x000000008fc00000| Complete 
| 253|0x000000008fd00000, 0x000000008fe00000, 0x000000008fe00000|100%| E|CS|TAMS 0x000000008fd00000, 0x000000008fd00000| Complete 

Card table byte_map: [0x000002ca44b40000,0x000002ca44f40000] _byte_map_base: 0x000002ca44740000

Marking Bits (Prev, Next): (CMBitMap*) 0x000002ca2fa10fe8, (CMBitMap*) 0x000002ca2fa11020
 Prev Bits: [0x000002ca45340000, 0x000002ca47340000)
 Next Bits: [0x000002ca47340000, 0x000002ca49340000)

Polling page: 0x000002ca2fab0000

Metaspace:

Usage:
  Non-class:    111.35 MB capacity,   108.08 MB ( 97%) used,     2.71 MB (  2%) free+waste,   573.44 KB ( <1%) overhead. 
      Class:     17.51 MB capacity,    15.70 MB ( 90%) used,     1.55 MB (  9%) free+waste,   257.88 KB (  1%) overhead. 
       Both:    128.86 MB capacity,   123.78 MB ( 96%) used,     4.26 MB (  3%) free+waste,   831.31 KB ( <1%) overhead. 

Virtual space:
  Non-class space:      112.00 MB reserved,     111.49 MB (>99%) committed 
      Class space:        1.00 GB reserved,      17.63 MB (  2%) committed 
             Both:        1.11 GB reserved,     129.12 MB ( 11%) committed 

Chunk freelists:
   Non-Class:  21.00 KB
       Class:  0 bytes
        Both:  21.00 KB

MaxMetaspaceSize: 17179869184.00 GB
CompressedClassSpaceSize: 1.00 GB
Initial GC threshold: 20.80 MB
Current GC threshold: 215.20 MB
CDS: off

CodeHeap 'non-profiled nmethods': size=120000Kb used=18087Kb max_used=18087Kb free=101912Kb
 bounds [0x000002ca3c790000, 0x000002ca3d940000, 0x000002ca43cc0000]
CodeHeap 'profiled nmethods': size=120000Kb used=52077Kb max_used=52077Kb free=67922Kb
 bounds [0x000002ca35260000, 0x000002ca38540000, 0x000002ca3c790000]
CodeHeap 'non-nmethods': size=5760Kb used=2512Kb max_used=2544Kb free=3247Kb
 bounds [0x000002ca34cc0000, 0x000002ca34f50000, 0x000002ca35260000]
 total_blobs=24905 nmethods=23926 adapters=887
 compilation: enabled
              stopped_count=0, restarted_count=0
 full_count=0

Compilation events (20 events):
Event: 2551.848 Thread 0x000002ca4c74d800 nmethod 26337 0x000002ca3853d110 code [0x000002ca3853d2c0, 0x000002ca3853d478]
Event: 2551.848 Thread 0x000002ca4c74d800 26340       3       com.sun.tools.javac.parser.JavacParser::formalParameter (123 bytes)
Event: 2551.848 Thread 0x000002ca4c74d800 nmethod 26340 0x000002ca3853d510 code [0x000002ca3853d820, 0x000002ca3853e728]
Event: 2551.848 Thread 0x000002ca4c74d800 26342       3       com.sun.tools.javac.tree.TreeInfo::opPrec (349 bytes)
Event: 2551.849 Thread 0x000002ca4c74d800 nmethod 26342 0x000002ca3853ed90 code [0x000002ca3853ef80, 0x000002ca3853f928]
Event: 2551.849 Thread 0x000002ca4c74d800 26341       3       com.sun.tools.javac.parser.JavacParser::optFinal (29 bytes)
Event: 2551.849 Thread 0x000002ca4c74d800 nmethod 26341 0x000002ca3853fa90 code [0x000002ca3853fc60, 0x000002ca3853fe78]
Event: 2551.851 Thread 0x000002ca4c749000 nmethod 26329 0x000002ca3d934f90 code [0x000002ca3d935160, 0x000002ca3d935868]
Event: 2551.851 Thread 0x000002ca4c749000 26338       4       java.lang.Character::codePointBefore (48 bytes)
Event: 2551.859 Thread 0x000002ca4c749000 nmethod 26338 0x000002ca3d935c10 code [0x000002ca3d935dc0, 0x000002ca3d935ef8]
Event: 2551.859 Thread 0x000002ca4c749000 26335       4       java.util.regex.Pattern$Caret::match (124 bytes)
Event: 2551.864 Thread 0x000002ca4c749000 nmethod 26335 0x000002ca3d936110 code [0x000002ca3d9362e0, 0x000002ca3d936878]
Event: 2551.864 Thread 0x000002ca4c749000 26339       4       com.sun.tools.javac.parser.JavadocTokenizer$DocReader::putChar (141 bytes)
Event: 2551.868 Thread 0x000002ca4c749000 nmethod 26339 0x000002ca3d936d90 code [0x000002ca3d936f60, 0x000002ca3d937648]
Event: 2551.874 Thread 0x000002ca4c749000 26343   !   4       java.io.BufferedWriter::write (117 bytes)
Event: 2551.879 Thread 0x000002ca4c749000 nmethod 26343 0x000002ca3d937a10 code [0x000002ca3d937be0, 0x000002ca3d938548]
Event: 2551.879 Thread 0x000002ca4c749000 26344       4       java.io.Writer::write (11 bytes)
Event: 2551.880 Thread 0x000002ca4c749000 nmethod 26344 0x000002ca3d938a10 code [0x000002ca3d938bc0, 0x000002ca3d938c88]
Event: 2551.880 Thread 0x000002ca4c749000 26345       4       java.lang.String::getChars (54 bytes)
Event: 2551.882 Thread 0x000002ca4c749000 nmethod 26345 0x000002ca3d938e10 code [0x000002ca3d938fc0, 0x000002ca3d939358]

GC Heap History (20 events):
Event: 2518.578 GC heap before
{Heap before GC invocations=64 (full 0):
 garbage-first heap   total 260096K, used 122176K [0x0000000080000000, 0x0000000100000000)
  region size 1024K, 12 young (12288K), 11 survivors (11264K)
 Metaspace       used 124365K, capacity 128798K, committed 128888K, reserved 1161216K
  class space    used 15813K, capacity 17513K, committed 17536K, reserved 1048576K
}
Event: 2518.600 GC heap after
{Heap after GC invocations=65 (full 0):
 garbage-first heap   total 260096K, used 112827K [0x0000000080000000, 0x0000000100000000)
  region size 1024K, 2 young (2048K), 2 survivors (2048K)
 Metaspace       used 124365K, capacity 128798K, committed 128888K, reserved 1161216K
  class space    used 15813K, capacity 17513K, committed 17536K, reserved 1048576K
}
Event: 2518.733 GC heap before
{Heap before GC invocations=65 (full 0):
 garbage-first heap   total 260096K, used 129211K [0x0000000080000000, 0x0000000100000000)
  region size 1024K, 19 young (19456K), 2 survivors (2048K)
 Metaspace       used 124408K, capacity 128802K, committed 128888K, reserved 1161216K
  class space    used 15813K, capacity 17513K, committed 17536K, reserved 1048576K
}
Event: 2518.741 GC heap after
{Heap after GC invocations=66 (full 0):
 garbage-first heap   total 260096K, used 114234K [0x0000000080000000, 0x0000000100000000)
  region size 1024K, 3 young (3072K), 3 survivors (3072K)
 Metaspace       used 124408K, capacity 128802K, committed 128888K, reserved 1161216K
  class space    used 15813K, capacity 17513K, committed 17536K, reserved 1048576K
}
Event: 2528.949 GC heap before
{Heap before GC invocations=67 (full 0):
 garbage-first heap   total 260096K, used 211514K [0x0000000080000000, 0x0000000100000000)
  region size 1024K, 98 young (100352K), 3 survivors (3072K)
 Metaspace       used 124622K, capacity 129019K, committed 129400K, reserved 1161216K
  class space    used 15805K, capacity 17424K, committed 17536K, reserved 1048576K
}
Event: 2528.957 GC heap after
{Heap after GC invocations=68 (full 0):
 garbage-first heap   total 260096K, used 122746K [0x0000000080000000, 0x0000000100000000)
  region size 1024K, 11 young (11264K), 11 survivors (11264K)
 Metaspace       used 124622K, capacity 129019K, committed 129400K, reserved 1161216K
  class space    used 15805K, capacity 17424K, committed 17536K, reserved 1048576K
}
Event: 2528.961 GC heap before
{Heap before GC invocations=68 (full 0):
 garbage-first heap   total 260096K, used 123770K [0x0000000080000000, 0x0000000100000000)
  region size 1024K, 12 young (12288K), 11 survivors (11264K)
 Metaspace       used 124625K, capacity 129019K, committed 129400K, reserved 1161216K
  class space    used 15805K, capacity 17424K, committed 17536K, reserved 1048576K
}
Event: 2528.974 GC heap after
{Heap after GC invocations=69 (full 0):
 garbage-first heap   total 260096K, used 104118K [0x0000000080000000, 0x0000000100000000)
  region size 1024K, 1 young (1024K), 1 survivors (1024K)
 Metaspace       used 124625K, capacity 129019K, committed 129400K, reserved 1161216K
  class space    used 15805K, capacity 17424K, committed 17536K, reserved 1048576K
}
Event: 2529.083 GC heap before
{Heap before GC invocations=69 (full 0):
 garbage-first heap   total 260096K, used 116406K [0x0000000080000000, 0x0000000100000000)
  region size 1024K, 15 young (15360K), 1 survivors (1024K)
 Metaspace       used 124707K, capacity 129098K, committed 129400K, reserved 1161216K
  class space    used 15808K, capacity 17429K, committed 17536K, reserved 1048576K
}
Event: 2529.088 GC heap after
{Heap after GC invocations=70 (full 0):
 garbage-first heap   total 260096K, used 105030K [0x0000000080000000, 0x0000000100000000)
  region size 1024K, 2 young (2048K), 2 survivors (2048K)
 Metaspace       used 124707K, capacity 129098K, committed 129400K, reserved 1161216K
  class space    used 15808K, capacity 17429K, committed 17536K, reserved 1048576K
}
Event: 2529.843 GC heap before
{Heap before GC invocations=71 (full 0):
 garbage-first heap   total 260096K, used 210502K [0x0000000080000000, 0x0000000100000000)
  region size 1024K, 102 young (104448K), 2 survivors (2048K)
 Metaspace       used 125076K, capacity 129558K, committed 129912K, reserved 1161216K
  class space    used 15814K, capacity 17439K, committed 17536K, reserved 1048576K
}
Event: 2529.846 GC heap after
{Heap after GC invocations=72 (full 0):
 garbage-first heap   total 260096K, used 111091K [0x0000000080000000, 0x0000000100000000)
  region size 1024K, 4 young (4096K), 4 survivors (4096K)
 Metaspace       used 125076K, capacity 129558K, committed 129912K, reserved 1161216K
  class space    used 15814K, capacity 17439K, committed 17536K, reserved 1048576K
}
Event: 2529.898 GC heap before
{Heap before GC invocations=72 (full 0):
 garbage-first heap   total 260096K, used 118259K [0x0000000080000000, 0x0000000100000000)
  region size 1024K, 12 young (12288K), 4 survivors (4096K)
 Metaspace       used 125135K, capacity 129626K, committed 129912K, reserved 1161216K
  class space    used 15814K, capacity 17439K, committed 17536K, reserved 1048576K
}
Event: 2529.902 GC heap after
{Heap after GC invocations=73 (full 0):
 garbage-first heap   total 260096K, used 96871K [0x0000000080000000, 0x0000000100000000)
  region size 1024K, 1 young (1024K), 1 survivors (1024K)
 Metaspace       used 125135K, capacity 129626K, committed 129912K, reserved 1161216K
  class space    used 15814K, capacity 17439K, committed 17536K, reserved 1048576K
}
Event: 2530.006 GC heap before
{Heap before GC invocations=73 (full 0):
 garbage-first heap   total 260096K, used 114279K [0x0000000080000000, 0x0000000100000000)
  region size 1024K, 20 young (20480K), 1 survivors (1024K)
 Metaspace       used 125149K, capacity 129632K, committed 129912K, reserved 1161216K
  class space    used 15814K, capacity 17440K, committed 17536K, reserved 1048576K
}
Event: 2530.008 GC heap after
{Heap after GC invocations=74 (full 0):
 garbage-first heap   total 260096K, used 96719K [0x0000000080000000, 0x0000000100000000)
  region size 1024K, 1 young (1024K), 1 survivors (1024K)
 Metaspace       used 125149K, capacity 129632K, committed 129912K, reserved 1161216K
  class space    used 15814K, capacity 17440K, committed 17536K, reserved 1048576K
}
Event: 2551.484 GC heap before
{Heap before GC invocations=75 (full 0):
 garbage-first heap   total 260096K, used 224719K [0x0000000080000000, 0x0000000100000000)
  region size 1024K, 110 young (112640K), 1 survivors (1024K)
 Metaspace       used 126052K, capacity 130965K, committed 131192K, reserved 1163264K
  class space    used 15985K, capacity 17755K, committed 17792K, reserved 1048576K
}
Event: 2551.487 GC heap after
{Heap after GC invocations=76 (full 0):
 garbage-first heap   total 260096K, used 98802K [0x0000000080000000, 0x0000000100000000)
  region size 1024K, 3 young (3072K), 3 survivors (3072K)
 Metaspace       used 126052K, capacity 130965K, committed 131192K, reserved 1163264K
  class space    used 15985K, capacity 17755K, committed 17792K, reserved 1048576K
}
Event: 2551.852 GC heap before
{Heap before GC invocations=76 (full 0):
 garbage-first heap   total 260096K, used 156146K [0x0000000080000000, 0x0000000100000000)
  region size 1024K, 61 young (62464K), 3 survivors (3072K)
 Metaspace       used 126750K, capacity 131949K, committed 132216K, reserved 1163264K
  class space    used 16080K, capacity 17930K, committed 18048K, reserved 1048576K
}
Event: 2551.859 GC heap after
{Heap after GC invocations=77 (full 0):
 garbage-first heap   total 260096K, used 107378K [0x0000000080000000, 0x0000000100000000)
  region size 1024K, 11 young (11264K), 11 survivors (11264K)
 Metaspace       used 126750K, capacity 131949K, committed 132216K, reserved 1163264K
  class space    used 16080K, capacity 17930K, committed 18048K, reserved 1048576K
}

Deoptimization events (20 events):
Event: 2545.845 Thread 0x000002ca503f3000 Uncommon trap: trap_request=0xffffffde fr.pc=0x000002ca3d6d4aa4 relative=0x0000000000003104
Event: 2545.845 Thread 0x000002ca503f3000 Uncommon trap: reason=class_check action=maybe_recompile pc=0x000002ca3d6d4aa4 method=com.google.common.cache.LocalCache$Segment.put(Ljava/lang/Object;ILjava/lang/Object;Z)Ljava/lang/Object; @ 75 c2
Event: 2545.845 Thread 0x000002ca503f3000 DEOPT PACKING pc=0x000002ca3d6d4aa4 sp=0x000000cb003fcf30
Event: 2545.845 Thread 0x000002ca503f3000 DEOPT UNPACKING pc=0x000002ca34d0a1af sp=0x000000cb003fcf08 mode 2
Event: 2545.845 Thread 0x000002ca503f3000 Uncommon trap: trap_request=0xffffffde fr.pc=0x000002ca3d6d4aa4 relative=0x0000000000003104
Event: 2545.845 Thread 0x000002ca503f3000 Uncommon trap: reason=class_check action=maybe_recompile pc=0x000002ca3d6d4aa4 method=com.google.common.cache.LocalCache$Segment.put(Ljava/lang/Object;ILjava/lang/Object;Z)Ljava/lang/Object; @ 75 c2
Event: 2545.845 Thread 0x000002ca503f3000 DEOPT PACKING pc=0x000002ca3d6d4aa4 sp=0x000000cb003fcf30
Event: 2545.845 Thread 0x000002ca503f3000 DEOPT UNPACKING pc=0x000002ca34d0a1af sp=0x000000cb003fcf08 mode 2
Event: 2551.371 Thread 0x000002ca5254c000 DEOPT PACKING pc=0x000002ca35d05ec1 sp=0x000000cb001fe6e0
Event: 2551.371 Thread 0x000002ca5254c000 DEOPT UNPACKING pc=0x000002ca34d0a95e sp=0x000000cb001fdbb0 mode 0
Event: 2551.472 Thread 0x000002ca4eaf4800 Uncommon trap: trap_request=0xffffffde fr.pc=0x000002ca3cd46988 relative=0x0000000000000248
Event: 2551.472 Thread 0x000002ca4eaf4800 Uncommon trap: reason=class_check action=maybe_recompile pc=0x000002ca3cd46988 method=java.util.concurrent.ConcurrentHashMap.get(Ljava/lang/Object;)Ljava/lang/Object; @ 93 c2
Event: 2551.472 Thread 0x000002ca4eaf4800 DEOPT PACKING pc=0x000002ca3cd46988 sp=0x000000cb01ffe020
Event: 2551.472 Thread 0x000002ca4eaf4800 DEOPT UNPACKING pc=0x000002ca34d0a1af sp=0x000000cb01ffdf78 mode 2
Event: 2551.482 Thread 0x000002ca503f3000 DEOPT PACKING pc=0x000002ca3773828d sp=0x000000cb003f9920
Event: 2551.482 Thread 0x000002ca503f3000 DEOPT UNPACKING pc=0x000002ca34d0a95e sp=0x000000cb003f8dc0 mode 0
Event: 2551.487 Thread 0x000002ca4c8b3800 Uncommon trap: trap_request=0xffffff6e fr.pc=0x000002ca3cb23e6c relative=0x000000000000052c
Event: 2551.487 Thread 0x000002ca4c8b3800 Uncommon trap: reason=speculate_class_check action=maybe_recompile pc=0x000002ca3cb23e6c method=jdk.internal.ref.PhantomCleanable.clean()V @ 12 c2
Event: 2551.487 Thread 0x000002ca4c8b3800 DEOPT PACKING pc=0x000002ca3cb23e6c sp=0x000000cb79bff4f0
Event: 2551.487 Thread 0x000002ca4c8b3800 DEOPT UNPACKING pc=0x000002ca34d0a1af sp=0x000000cb79bff4d0 mode 2

Classes redefined (0 events):
No events

Internal exceptions (20 events):
Event: 2551.503 Thread 0x000002ca503f3000 Exception <a 'sun/nio/fs/WindowsException'{0x000000008f9872e0}> (0x000000008f9872e0) thrown at [./src/hotspot/share/prims/jni.cpp, line 615]
Event: 2551.504 Thread 0x000002ca503f3000 Exception <a 'sun/nio/fs/WindowsException'{0x000000008f988b18}> (0x000000008f988b18) thrown at [./src/hotspot/share/prims/jni.cpp, line 615]
Event: 2551.521 Thread 0x000002ca503f3000 Exception <a 'java/lang/NoClassDefFoundError'{0x000000008f52c668}: org/jetbrains/kotlin/gradle/plugin/KotlinBasePluginWrapper> (0x000000008f52c668) thrown at [./src/hotspot/share/oops/constantPool.cpp, line 775]
Event: 2551.543 Thread 0x000002ca503f3000 Exception <a 'java/lang/NoClassDefFoundError'{0x000000008f23bce0}: org/jetbrains/kotlin/gradle/plugin/KotlinBasePluginWrapper> (0x000000008f23bce0) thrown at [./src/hotspot/share/oops/constantPool.cpp, line 775]
Event: 2551.553 Thread 0x000002ca503f3000 Exception <a 'sun/nio/fs/WindowsException'{0x000000008f1aff18}> (0x000000008f1aff18) thrown at [./src/hotspot/share/prims/jni.cpp, line 615]
Event: 2551.557 Thread 0x000002ca503f3000 Exception <a 'sun/nio/fs/WindowsException'{0x000000008f05c140}> (0x000000008f05c140) thrown at [./src/hotspot/share/prims/jni.cpp, line 615]
Event: 2551.557 Thread 0x000002ca503f3000 Exception <a 'sun/nio/fs/WindowsException'{0x000000008f05d360}> (0x000000008f05d360) thrown at [./src/hotspot/share/prims/jni.cpp, line 615]
Event: 2551.557 Thread 0x000002ca503f3000 Exception <a 'sun/nio/fs/WindowsException'{0x000000008f05e5d0}> (0x000000008f05e5d0) thrown at [./src/hotspot/share/prims/jni.cpp, line 615]
Event: 2551.557 Thread 0x000002ca503f3000 Exception <a 'sun/nio/fs/WindowsException'{0x000000008f05f840}> (0x000000008f05f840) thrown at [./src/hotspot/share/prims/jni.cpp, line 615]
Event: 2551.742 Thread 0x000002ca5045c000 Exception <a 'sun/nio/fs/WindowsException'{0x000000008cf0f7c0}> (0x000000008cf0f7c0) thrown at [./src/hotspot/share/prims/jni.cpp, line 615]
Event: 2551.742 Thread 0x000002ca5045c000 Exception <a 'sun/nio/fs/WindowsException'{0x000000008cf106a0}> (0x000000008cf106a0) thrown at [./src/hotspot/share/prims/jni.cpp, line 615]
Event: 2551.743 Thread 0x000002ca5045c000 Exception <a 'sun/nio/fs/WindowsException'{0x000000008cf10a90}> (0x000000008cf10a90) thrown at [./src/hotspot/share/prims/jni.cpp, line 615]
Event: 2551.743 Thread 0x000002ca5045c000 Exception <a 'sun/nio/fs/WindowsException'{0x000000008cf11b80}> (0x000000008cf11b80) thrown at [./src/hotspot/share/prims/jni.cpp, line 615]
Event: 2551.743 Thread 0x000002ca5045c000 Exception <a 'sun/nio/fs/WindowsException'{0x000000008cf11eb8}> (0x000000008cf11eb8) thrown at [./src/hotspot/share/prims/jni.cpp, line 615]
Event: 2551.743 Thread 0x000002ca5045c000 Exception <a 'sun/nio/fs/WindowsException'{0x000000008cf12d70}> (0x000000008cf12d70) thrown at [./src/hotspot/share/prims/jni.cpp, line 615]
Event: 2551.743 Thread 0x000002ca5045c000 Exception <a 'sun/nio/fs/WindowsException'{0x000000008cf13048}> (0x000000008cf13048) thrown at [./src/hotspot/share/prims/jni.cpp, line 615]
Event: 2551.744 Thread 0x000002ca5045c000 Exception <a 'sun/nio/fs/WindowsException'{0x000000008cf13ed0}> (0x000000008cf13ed0) thrown at [./src/hotspot/share/prims/jni.cpp, line 615]
Event: 2551.844 Thread 0x000002ca5045a800 Exception <a 'sun/nio/fs/WindowsException'{0x000000008c50f638}> (0x000000008c50f638) thrown at [./src/hotspot/share/prims/jni.cpp, line 615]
Event: 2551.849 Thread 0x000002ca5045a800 Exception <a 'sun/nio/fs/WindowsException'{0x000000008c42f9e0}> (0x000000008c42f9e0) thrown at [./src/hotspot/share/prims/jni.cpp, line 615]
Event: 2551.849 Thread 0x000002ca5045a800 Exception <a 'sun/nio/fs/WindowsException'{0x000000008c42fae8}> (0x000000008c42fae8) thrown at [./src/hotspot/share/prims/jni.cpp, line 615]

Events (20 events):
Event: 2551.754 Executing VM operation: RevokeBias done
Event: 2551.758 Thread 0x000002ca50462000 Thread added: 0x000002ca50462000
Event: 2551.762 Executing VM operation: RevokeBias
Event: 2551.762 Executing VM operation: RevokeBias done
Event: 2551.775 Thread 0x000002ca50465000 Thread added: 0x000002ca50465000
Event: 2551.775 Thread 0x000002ca50466800 Thread added: 0x000002ca50466800
Event: 2551.778 Thread 0x000002ca50466000 Thread added: 0x000002ca50466000
Event: 2551.779 Thread 0x000002ca50467800 Thread added: 0x000002ca50467800
Event: 2551.779 Thread 0x000002ca4ecd7800 Thread added: 0x000002ca4ecd7800
Event: 2551.779 Thread 0x000002ca4ecd3800 Thread added: 0x000002ca4ecd3800
Event: 2551.779 Thread 0x000002ca4ecd6000 Thread added: 0x000002ca4ecd6000
Event: 2551.779 Thread 0x000002ca57809800 Thread added: 0x000002ca57809800
Event: 2551.779 Thread 0x000002ca5780c800 Thread added: 0x000002ca5780c800
Event: 2551.779 Thread 0x000002ca57808800 Thread added: 0x000002ca57808800
Event: 2551.851 Executing VM operation: G1CollectForAllocation
Event: 2551.859 Executing VM operation: G1CollectForAllocation done
Event: 2551.915 Executing VM operation: CGC_Operation
Event: 2551.924 Executing VM operation: CGC_Operation done
Event: 2551.955 Executing VM operation: CGC_Operation
Event: 2551.955 Executing VM operation: CGC_Operation done


Dynamic libraries:
0x00007ff671df0000 - 0x00007ff671dfa000 	C:\Program Files\Android\Android Studio\jre\bin\java.exe
0x00007ffcee470000 - 0x00007ffcee665000 	C:\Windows\SYSTEM32\ntdll.dll
0x00007ffcec620000 - 0x00007ffcec6de000 	C:\Windows\System32\KERNEL32.DLL
0x00007ffcebdc0000 - 0x00007ffcec088000 	C:\Windows\System32\KERNELBASE.dll
0x00007ffcec090000 - 0x00007ffcec190000 	C:\Windows\System32\ucrtbase.dll
0x00007ffcd5b00000 - 0x00007ffcd5b17000 	C:\Program Files\Android\Android Studio\jre\bin\VCRUNTIME140.dll
0x00007ffce7970000 - 0x00007ffce7989000 	C:\Program Files\Android\Android Studio\jre\bin\jli.dll
0x00007ffcedea0000 - 0x00007ffcee040000 	C:\Windows\System32\USER32.dll
0x00007ffcebd90000 - 0x00007ffcebdb2000 	C:\Windows\System32\win32u.dll
0x00007ffcd1940000 - 0x00007ffcd1bda000 	C:\Windows\WinSxS\amd64_microsoft.windows.common-controls_6595b64144ccf1df_6.0.19041.1110_none_60b5254171f9507e\COMCTL32.dll
0x00007ffced0f0000 - 0x00007ffced11b000 	C:\Windows\System32\GDI32.dll
0x00007ffced150000 - 0x00007ffced1ee000 	C:\Windows\System32\msvcrt.dll
0x00007ffcec260000 - 0x00007ffcec36b000 	C:\Windows\System32\gdi32full.dll
0x00007ffcec190000 - 0x00007ffcec22d000 	C:\Windows\System32\msvcp_win.dll
0x00007ffceddd0000 - 0x00007ffcede00000 	C:\Windows\System32\IMM32.DLL
0x00007ffcbb5b0000 - 0x00007ffcbb64d000 	C:\Program Files\Android\Android Studio\jre\bin\msvcp140.dll
0x00007ffc8e750000 - 0x00007ffc8f235000 	C:\Program Files\Android\Android Studio\jre\bin\server\jvm.dll
0x00007ffcee040000 - 0x00007ffcee0ee000 	C:\Windows\System32\ADVAPI32.dll
0x00007ffcede00000 - 0x00007ffcede9c000 	C:\Windows\System32\sechost.dll
0x00007ffced1f0000 - 0x00007ffced315000 	C:\Windows\System32\RPCRT4.dll
0x00007ffcecb50000 - 0x00007ffcecb58000 	C:\Windows\System32\PSAPI.DLL
0x00007ffce1130000 - 0x00007ffce1139000 	C:\Windows\SYSTEM32\WSOCK32.dll
0x00007ffce6570000 - 0x00007ffce657a000 	C:\Windows\SYSTEM32\VERSION.dll
0x00007ffcd5220000 - 0x00007ffcd5247000 	C:\Windows\SYSTEM32\WINMM.dll
0x00007ffceb850000 - 0x00007ffceb8bb000 	C:\Windows\SYSTEM32\WS2_32.dll
0x00007ffce9c50000 - 0x00007ffce9c62000 	C:\Windows\SYSTEM32\kernel.appcore.dll
0x00007ffce1110000 - 0x00007ffce1121000 	C:\Program Files\Android\Android Studio\jre\bin\verify.dll
0x00007ffcdb910000 - 0x00007ffcdbaf4000 	C:\Windows\SYSTEM32\DBGHELP.DLL
0x00007ffcd6480000 - 0x00007ffcd64ac000 	C:\Windows\SYSTEM32\dbgcore.DLL
0x00007ffcec370000 - 0x00007ffcec3f2000 	C:\Windows\System32\bcryptPrimitives.dll
0x00007ffcd5ad0000 - 0x00007ffcd5af9000 	C:\Program Files\Android\Android Studio\jre\bin\java.dll
0x00007ffcdbcb0000 - 0x00007ffcdbcbb000 	C:\Program Files\Android\Android Studio\jre\bin\jimage.dll
0x00007ffcd9eb0000 - 0x00007ffcd9ec8000 	C:\Program Files\Android\Android Studio\jre\bin\zip.dll
0x00007ffced320000 - 0x00007ffceda64000 	C:\Windows\System32\SHELL32.dll
0x00007ffce9e50000 - 0x00007ffcea5e4000 	C:\Windows\SYSTEM32\windows.storage.dll
0x00007ffceda70000 - 0x00007ffceddc4000 	C:\Windows\System32\combase.dll
0x00007ffceb6b0000 - 0x00007ffceb6dc000 	C:\Windows\SYSTEM32\Wldp.dll
0x00007ffcecde0000 - 0x00007ffcece8d000 	C:\Windows\System32\SHCORE.dll
0x00007ffcecd80000 - 0x00007ffcecdd5000 	C:\Windows\System32\shlwapi.dll
0x00007ffcebcd0000 - 0x00007ffcebcef000 	C:\Windows\SYSTEM32\profapi.dll
0x00007ffcd5c10000 - 0x00007ffcd5c2a000 	C:\Program Files\Android\Android Studio\jre\bin\net.dll
0x00007ffce4480000 - 0x00007ffce4589000 	C:\Windows\SYSTEM32\WINHTTP.dll
0x00007ffceb410000 - 0x00007ffceb47a000 	C:\Windows\system32\mswsock.dll
0x00007ffcd59e0000 - 0x00007ffcd59f4000 	C:\Program Files\Android\Android Studio\jre\bin\nio.dll
0x00007ffcd5a40000 - 0x00007ffcd5a67000 	C:\Users\41803\.gradle\native\e1d6ef7f7dcc3fd88c89a11ec53ec762bb8ba0a96d01ffa2cd45eb1d1d8dd5c5\windows-amd64\native-platform.dll
0x00007ffcbb460000 - 0x00007ffcbb5a4000 	C:\Users\41803\.gradle\native\5664cfc778a61ccfe75a443a1ab52a65af34e5dc3c78e0209fed803814484fcb\windows-amd64\native-platform-file-events.dll
0x00007ffcd9e10000 - 0x00007ffcd9e1a000 	C:\Program Files\Android\Android Studio\jre\bin\management.dll
0x00007ffcd9910000 - 0x00007ffcd991d000 	C:\Program Files\Android\Android Studio\jre\bin\management_ext.dll
0x00007ffceb600000 - 0x00007ffceb618000 	C:\Windows\SYSTEM32\CRYPTSP.dll
0x00007ffcead90000 - 0x00007ffceadc4000 	C:\Windows\system32\rsaenh.dll
0x00007ffcec230000 - 0x00007ffcec257000 	C:\Windows\System32\bcrypt.dll
0x00007ffcebc90000 - 0x00007ffcebcbe000 	C:\Windows\SYSTEM32\USERENV.dll
0x00007ffceb620000 - 0x00007ffceb62c000 	C:\Windows\SYSTEM32\CRYPTBASE.dll
0x00007ffceb100000 - 0x00007ffceb13b000 	C:\Windows\SYSTEM32\IPHLPAPI.DLL
0x00007ffced140000 - 0x00007ffced148000 	C:\Windows\System32\NSI.dll
0x00007ffce58e0000 - 0x00007ffce58f7000 	C:\Windows\SYSTEM32\dhcpcsvc6.DLL
0x00007ffce58c0000 - 0x00007ffce58dd000 	C:\Windows\SYSTEM32\dhcpcsvc.DLL
0x00007ffceb140000 - 0x00007ffceb20a000 	C:\Windows\SYSTEM32\DNSAPI.dll
0x00007ffceaa20000 - 0x00007ffceaa53000 	C:\Windows\SYSTEM32\ntmarta.dll
0x00007ffcd4500000 - 0x00007ffcd4527000 	C:\Program Files\Android\Android Studio\jre\bin\sunec.dll

dbghelp: loaded successfully - version: 4.0.5 - missing functions: none
symbol engine: initialized successfully - sym options: 0x614 - pdb path: .;C:\Program Files\Android\Android Studio\jre\bin;C:\Windows\SYSTEM32;C:\Windows\WinSxS\amd64_microsoft.windows.common-controls_6595b64144ccf1df_6.0.19041.1110_none_60b5254171f9507e;C:\Program Files\Android\Android Studio\jre\bin\server;C:\Users\41803\.gradle\native\e1d6ef7f7dcc3fd88c89a11ec53ec762bb8ba0a96d01ffa2cd45eb1d1d8dd5c5\windows-amd64;C:\Users\41803\.gradle\native\5664cfc778a61ccfe75a443a1ab52a65af34e5dc3c78e0209fed803814484fcb\windows-amd64

VM Arguments:
jvm_args: --add-opens=java.base/java.util=ALL-UNNAMED --add-opens=java.base/java.lang=ALL-UNNAMED --add-opens=java.base/java.lang.invoke=ALL-UNNAMED --add-opens=java.base/java.util=ALL-UNNAMED --add-opens=java.prefs/java.util.prefs=ALL-UNNAMED --add-opens=java.prefs/java.util.prefs=ALL-UNNAMED --add-opens=java.base/java.nio.charset=ALL-UNNAMED --add-opens=java.base/java.net=ALL-UNNAMED --add-opens=java.base/java.util.concurrent.atomic=ALL-UNNAMED -Xmx2048m -Dfile.encoding=UTF-8 -Duser.country=CN -Duser.language=zh -Duser.variant 
java_command: org.gradle.launcher.daemon.bootstrap.GradleDaemon 7.3.3
java_class_path (initial): C:\Users\41803\.gradle\wrapper\dists\gradle-7.3.3-bin\6a41zxkdtcxs8rphpq6y0069z\gradle-7.3.3\lib\gradle-launcher-7.3.3.jar
Launcher Type: SUN_STANDARD

[Global flags]
     intx CICompilerCount                          = 4                                         {product} {ergonomic}
     uint ConcGCThreads                            = 2                                         {product} {ergonomic}
     uint G1ConcRefinementThreads                  = 8                                         {product} {ergonomic}
   size_t G1HeapRegionSize                         = 1048576                                   {product} {ergonomic}
    uintx GCDrainStackTargetSize                   = 64                                        {product} {ergonomic}
   size_t InitialHeapSize                          = 266338304                                 {product} {ergonomic}
   size_t MarkStackSize                            = 4194304                                   {product} {ergonomic}
   size_t MaxHeapSize                              = 2147483648                                {product} {command line}
   size_t MaxNewSize                               = 1287651328                                {product} {ergonomic}
   size_t MinHeapDeltaBytes                        = 1048576                                   {product} {ergonomic}
    uintx NonNMethodCodeHeapSize                   = 5836300                                {pd product} {ergonomic}
    uintx NonProfiledCodeHeapSize                  = 122910970                              {pd product} {ergonomic}
    uintx ProfiledCodeHeapSize                     = 122910970                              {pd product} {ergonomic}
    uintx ReservedCodeCacheSize                    = 251658240                              {pd product} {ergonomic}
     bool SegmentedCodeCache                       = true                                      {product} {ergonomic}
     bool UseCompressedClassPointers               = true                                 {lp64_product} {ergonomic}
     bool UseCompressedOops                        = true                                 {lp64_product} {ergonomic}
     bool UseG1GC                                  = true                                      {product} {ergonomic}
     bool UseLargePagesIndividualAllocation        = false                                  {pd product} {ergonomic}

Logging:
Log output configuration:
 #0: stdout all=warning uptime,level,tags
 #1: stderr all=off uptime,level,tags

Environment Variables:
JAVA_HOME=C:\Program Files\Java\jdk-11.0.13
CLASSPATH=.;%JAVA_HOME%\lib\dt.jar;%JAVA_HOME%\lib\tools.jar;
PATH=C:\Python310\Scripts\;C:\Python310\;C:\Program Files\Java\jdk-11.0.13\bin;C:\Program Files\Java\jdk-11.0.13\jre\bin;C:\Program Files\Common Files\Oracle\Java\javapath;C:\Users\41803\AppData\Local\Android\Sdk\platform-tools;C:\Users\41803\AppData\Local\Android\Sdk\tools;C:\Windows\system32;C:\Windows;C:\Windows\System32\Wbem;C:\Windows\System32\WindowsPowerShell\v1.0\;C:\Users\41803\AppData\Local\Microsoft\WindowsApps;C:\Program Files\Git\cmd;C:\Program Files\dotnet\;C:\Program Files (x86)\dotnet\;C:\ProgramData\chocolatey\bin;C:\Users\41803\Desktop\ffmpeg-2021-06-27\bin;C:\Program Files\cmder\;E:\NAT;C:\MinGW\bin;D:\Xftp 7\;C:\Program Files (x86)\Intel\Intel(R) Management Engine Components\DAL;C:\Program Files\Intel\Intel(R) Management Engine Components\DAL;C:\lua-5.4.4\bin;C:\Android;D:\Clash\Clash for Windows.exe;C:\Program Files\PowerShell\7\;C:\Program Files\nodejs\;C:\Program Files\nodejs\node_modules;C:\Windows\System32\OpenSSH;C:\Users\41803\AppData\Local\Microsoft\WindowsApps;D:\Bandizip;C:\Users\41803\.dotnet\tools;C:\Users\41803\AppData\Roaming\npm
USERNAME=41803
OS=Windows_NT
PROCESSOR_IDENTIFIER=Intel64 Family 6 Model 158 Stepping 13, GenuineIntel



---------------  S Y S T E M  ---------------

OS: Windows 10 , 64 bit Build 19041 (10.0.19041.1566)
OS uptime: 3 days 2:02 hours

CPU:total 8 (initial active 8) (8 cores per cpu, 1 threads per core) family 6 model 158 stepping 13 microcode 0xd6, cmov, cx8, fxsr, mmx, sse, sse2, sse3, ssse3, sse4.1, sse4.2, popcnt, avx, avx2, aes, clmul, erms, 3dnowpref, lzcnt, tsc, tscinvbit, bmi1, bmi2, adx, fma

Memory: 4k page, system-wide physical 16250M (7765M free)
TotalPageFile size 26490M (AvailPageFile size 16M)
current process WorkingSet (physical memory assigned to process): 647M, peak: 656M
current process commit charge ("private bytes"): 684M, peak: 695M

vm_info: OpenJDK 64-Bit Server VM (11.0.12+7-b1504.28-7817840) for windows-amd64 JRE (11.0.12+7-b1504.28-7817840), built on Oct 13 2021 22:12:33 by "builder" with MS VC++ 14.0 (VS2015)

END.
